{"E:\\Git\\heron\\sandbox\\typescript\\tests.js":{"path":"E:\\Git\\heron\\sandbox\\typescript\\tests.js","s":{"1":1,"2":1,"3":1,"4":231,"5":88,"6":231,"7":231,"8":231,"9":231,"10":231,"11":231,"12":1,"13":32,"14":0,"15":32,"16":88,"17":32,"18":143,"19":32,"20":1,"21":0,"22":1,"23":0,"24":0,"25":0,"26":1,"27":1,"28":1,"29":1,"30":1,"31":1,"32":1,"33":1,"34":1,"35":1,"36":1,"37":1,"38":1,"39":1,"40":1,"41":1,"42":1,"43":1,"44":1,"45":1,"46":1},"b":{"1":[88,143],"2":[231,0],"3":[231,0],"4":[0,32]},"f":{"1":231,"2":32,"3":88,"4":143,"5":0,"6":0,"7":0,"8":1},"fnMap":{"1":{"name":"testParse","line":20,"loc":{"start":{"line":20,"column":0},"end":{"line":20,"column":43}}},"2":{"name":"testRule","line":45,"loc":{"start":{"line":45,"column":0},"end":{"line":45,"column":50}}},"3":{"name":"(anonymous_3)","line":48,"loc":{"start":{"line":48,"column":8},"end":{"line":48,"column":23}}},"4":{"name":"(anonymous_4)","line":52,"loc":{"start":{"line":52,"column":8},"end":{"line":52,"column":23}}},"5":{"name":"simpleParserTests","line":61,"loc":{"start":{"line":61,"column":0},"end":{"line":61,"column":29}}},"6":{"name":"oddNumberOfXGrammar","line":65,"loc":{"start":{"line":65,"column":0},"end":{"line":65,"column":31}}},"7":{"name":"(anonymous_7)","line":66,"loc":{"start":{"line":66,"column":12},"end":{"line":66,"column":23}}},"8":{"name":"testRules","line":70,"loc":{"start":{"line":70,"column":0},"end":{"line":70,"column":21}}}},"statementMap":{"1":{"start":{"line":15,"column":0},"end":{"line":15,"column":42}},"2":{"start":{"line":16,"column":0},"end":{"line":16,"column":53}},"3":{"start":{"line":20,"column":0},"end":{"line":43,"column":1}},"4":{"start":{"line":21,"column":4},"end":{"line":21,"column":52}},"5":{"start":{"line":21,"column":33},"end":{"line":21,"column":52}},"6":{"start":{"line":23,"column":4},"end":{"line":23,"column":25}},"7":{"start":{"line":24,"column":4},"end":{"line":24,"column":24}},"8":{"start":{"line":25,"column":4},"end":{"line":30,"column":5}},"9":{"start":{"line":26,"column":8},"end":{"line":26,"column":57}},"10":{"start":{"line":29,"column":8},"end":{"line":29,"column":16}},"11":{"start":{"line":33,"column":4},"end":{"line":42,"column":6}},"12":{"start":{"line":45,"column":0},"end":{"line":59,"column":1}},"13":{"start":{"line":46,"column":4},"end":{"line":46,"column":51}},"14":{"start":{"line":46,"column":34},"end":{"line":46,"column":51}},"15":{"start":{"line":47,"column":4},"end":{"line":50,"column":11}},"16":{"start":{"line":49,"column":12},"end":{"line":49,"column":40}},"17":{"start":{"line":51,"column":4},"end":{"line":54,"column":11}},"18":{"start":{"line":53,"column":12},"end":{"line":53,"column":46}},"19":{"start":{"line":55,"column":4},"end":{"line":58,"column":6}},"20":{"start":{"line":61,"column":0},"end":{"line":63,"column":1}},"21":{"start":{"line":62,"column":4},"end":{"line":62,"column":42}},"22":{"start":{"line":65,"column":0},"end":{"line":68,"column":1}},"23":{"start":{"line":66,"column":4},"end":{"line":66,"column":71}},"24":{"start":{"line":66,"column":25},"end":{"line":66,"column":69}},"25":{"start":{"line":67,"column":4},"end":{"line":67,"column":15}},"26":{"start":{"line":70,"column":0},"end":{"line":131,"column":1}},"27":{"start":{"line":71,"column":4},"end":{"line":71,"column":116}},"28":{"start":{"line":72,"column":4},"end":{"line":72,"column":130}},"29":{"start":{"line":73,"column":4},"end":{"line":73,"column":99}},"30":{"start":{"line":74,"column":4},"end":{"line":74,"column":23}},"31":{"start":{"line":75,"column":4},"end":{"line":75,"column":20}},"32":{"start":{"line":76,"column":4},"end":{"line":76,"column":19}},"33":{"start":{"line":77,"column":4},"end":{"line":77,"column":134}},"34":{"start":{"line":79,"column":4},"end":{"line":79,"column":38}},"35":{"start":{"line":80,"column":4},"end":{"line":80,"column":29}},"36":{"start":{"line":81,"column":4},"end":{"line":81,"column":65}},"37":{"start":{"line":82,"column":4},"end":{"line":82,"column":62}},"38":{"start":{"line":83,"column":4},"end":{"line":83,"column":45}},"39":{"start":{"line":84,"column":4},"end":{"line":84,"column":69}},"40":{"start":{"line":85,"column":4},"end":{"line":85,"column":70}},"41":{"start":{"line":86,"column":4},"end":{"line":86,"column":170}},"42":{"start":{"line":88,"column":4},"end":{"line":88,"column":36}},"43":{"start":{"line":89,"column":4},"end":{"line":89,"column":50}},"44":{"start":{"line":91,"column":4},"end":{"line":130,"column":6}},"45":{"start":{"line":133,"column":0},"end":{"line":133,"column":26}},"46":{"start":{"line":134,"column":0},"end":{"line":134,"column":21}}},"branchMap":{"1":{"line":21,"type":"if","locations":[{"start":{"line":21,"column":4},"end":{"line":21,"column":4}},{"start":{"line":21,"column":4},"end":{"line":21,"column":4}}]},"2":{"line":35,"type":"cond-expr","locations":[{"start":{"line":35,"column":37},"end":{"line":35,"column":43}},{"start":{"line":35,"column":46},"end":{"line":35,"column":80}}]},"3":{"line":37,"type":"cond-expr","locations":[{"start":{"line":37,"column":34},"end":{"line":37,"column":39}},{"start":{"line":37,"column":42},"end":{"line":37,"column":71}}]},"4":{"line":46,"type":"if","locations":[{"start":{"line":46,"column":4},"end":{"line":46,"column":4}},{"start":{"line":46,"column":4},"end":{"line":46,"column":4}}]}}},"E:\\Git\\heron\\sandbox\\typescript\\main.js":{"path":"E:\\Git\\heron\\sandbox\\typescript\\main.js","s":{"1":1,"2":14,"3":0,"4":0,"5":1,"6":14,"7":14,"8":1,"9":1,"10":1,"11":1,"12":166,"13":1,"14":1,"15":1,"16":0,"17":1,"18":1,"19":1,"20":0,"21":0,"22":0,"23":0,"24":0,"25":1,"26":0,"27":1,"28":0,"29":1,"30":0,"31":1,"32":0,"33":1,"34":0,"35":1,"36":1,"37":1,"38":1,"39":0,"40":1,"41":1,"42":1,"43":1,"44":166,"45":166,"46":166,"47":166,"48":166,"49":1,"50":0,"51":1,"52":0,"53":1,"54":0,"55":0,"56":0,"57":0,"58":0,"59":0,"60":1,"61":0,"62":0,"63":0,"64":0,"65":0,"66":1,"67":38,"68":38,"69":1,"70":26,"71":26,"72":1,"73":8,"74":0,"75":8,"76":8,"77":8,"78":8,"79":1,"80":32,"81":1,"82":472,"83":1,"84":235,"85":1,"86":1,"87":1,"88":1,"89":1,"90":33,"91":33,"92":1,"93":0,"94":0,"95":0,"96":0,"97":0,"98":0,"99":0,"100":0,"101":0,"102":0,"103":0,"104":0,"105":1,"106":123,"107":270,"108":1,"109":1,"110":1,"111":1,"112":1,"113":11,"114":11,"115":1,"116":0,"117":0,"118":0,"119":0,"120":0,"121":0,"122":0,"123":0,"124":0,"125":0,"126":0,"127":0,"128":1,"129":20,"130":42,"131":1,"132":1,"133":1,"134":1,"135":1,"136":12,"137":12,"138":1,"139":0,"140":0,"141":0,"142":0,"143":1,"144":53,"145":1,"146":1,"147":1,"148":1,"149":1,"150":1,"151":1,"152":1,"153":0,"154":0,"155":0,"156":0,"157":1,"158":1,"159":1,"160":1,"161":1,"162":1,"163":1,"164":20,"165":10,"166":20,"167":13,"168":20,"169":20,"170":20,"171":20,"172":1,"173":0,"174":0,"175":0,"176":0,"177":0,"178":0,"179":0,"180":0,"181":0,"182":0,"183":0,"184":0,"185":0,"186":1,"187":8,"188":1,"189":1,"190":1,"191":1,"192":1,"193":4,"194":4,"195":1,"196":39,"197":1,"198":1,"199":1,"200":1,"201":1,"202":10,"203":10,"204":1,"205":37,"206":1,"207":1,"208":1,"209":1,"210":1,"211":3,"212":3,"213":1,"214":22,"215":1,"216":1,"217":1,"218":1,"219":1,"220":1,"221":1,"222":1,"223":0,"224":0,"225":1,"226":5,"227":1,"228":1,"229":1,"230":1,"231":1,"232":1,"233":1,"234":1,"235":0,"236":0,"237":0,"238":0,"239":0,"240":1,"241":1,"242":1,"243":1,"244":1,"245":27,"246":27,"247":27,"248":1,"249":0,"250":0,"251":0,"252":0,"253":0,"254":0,"255":0,"256":0,"257":0,"258":0,"259":0,"260":0,"261":0,"262":0,"263":0,"264":0,"265":0,"266":0,"267":0,"268":1,"269":133,"270":1,"271":1,"272":1,"273":1,"274":1,"275":50,"276":50,"277":50,"278":1,"279":0,"280":0,"281":0,"282":0,"283":0,"284":0,"285":0,"286":0,"287":0,"288":0,"289":0,"290":0,"291":1,"292":186,"293":1,"294":1,"295":1,"296":1,"297":1,"298":9,"299":9,"300":9,"301":1,"302":0,"303":0,"304":1,"305":1,"306":1,"307":1,"308":1,"309":1,"310":1,"311":1,"312":1,"313":0,"314":1,"315":0,"316":1,"317":1,"318":1,"319":130,"320":78,"321":52,"322":5,"323":47,"324":47,"325":0,"326":0,"327":0,"328":1,"329":1,"330":33,"331":33,"332":69,"333":33,"334":1,"335":1,"336":11,"337":11,"338":28,"339":11,"340":1,"341":1,"342":1,"343":0,"344":1,"345":1,"346":1,"347":1,"348":22,"349":1,"350":1,"351":3,"352":1,"353":1,"354":12,"355":1,"356":1,"357":10,"358":1,"359":1,"360":3,"361":1,"362":1,"363":2,"364":1,"365":1,"366":4,"367":1,"368":1,"369":1,"370":1,"371":1,"372":3,"373":1,"374":1,"375":3,"376":1,"377":1,"378":6,"379":1,"380":1,"381":2,"382":1,"383":1,"384":1,"385":1,"386":1,"387":3,"388":1,"389":1,"390":1,"391":1,"392":1,"393":0,"394":1,"395":1,"396":8,"397":0,"398":8,"399":0,"400":1,"401":1,"402":1,"403":0,"404":1,"405":0,"406":1,"407":1,"408":5,"409":5,"410":5,"411":1,"412":1,"413":2,"414":2,"415":2,"416":1,"417":1,"418":3,"419":1,"420":1,"421":3,"422":3,"423":6,"424":3,"425":1,"426":1,"427":1,"428":1,"429":1,"430":0,"431":0,"432":0,"433":0,"434":0,"435":0,"436":0,"437":0,"438":0,"439":0,"440":1,"441":1,"442":1,"443":1,"444":1,"445":1,"446":1,"447":1,"448":1,"449":1,"450":1,"451":1,"452":1,"453":1,"454":1,"455":1,"456":1,"457":1,"458":1,"459":1,"460":1,"461":1,"462":1,"463":1,"464":1,"465":1,"466":3,"467":1,"468":1,"469":0,"470":1,"471":1,"472":1,"473":1,"474":1,"475":1,"476":1,"477":1,"478":1,"479":1,"480":1,"481":0,"482":1,"483":1,"484":0,"485":1,"486":1,"487":1,"488":1,"489":1,"490":1,"491":1,"492":1,"493":0,"494":1,"495":1,"496":0,"497":1,"498":1,"499":0,"500":0,"501":0,"502":1,"503":1,"504":0,"505":0,"506":1},"b":{"1":[1,1,1],"2":[0,0],"3":[0,14],"4":[0,0],"5":[0,0],"6":[0,0],"7":[0,8],"8":[8,0],"9":[48,424],"10":[0,0],"11":[0,0],"12":[0,0],"13":[0,0],"14":[0,0],"15":[0,0],"16":[10,10],"17":[13,7],"18":[0,0],"19":[0,0],"20":[0,0],"21":[0,0],"22":[0,0],"23":[0,0],"24":[0,0],"25":[0,0],"26":[0,0],"27":[0,0],"28":[0,0],"29":[0,0],"30":[0,0],"31":[78,52],"32":[5,47],"33":[47,0],"34":[0,0],"35":[0,0],"36":[0,8],"37":[0,1],"38":[5,0],"39":[2,0],"40":[0,0],"41":[0,0],"42":[1,1]},"f":{"1":14,"2":14,"3":1,"4":166,"5":0,"6":1,"7":0,"8":0,"9":0,"10":0,"11":0,"12":0,"13":1,"14":0,"15":1,"16":166,"17":0,"18":0,"19":0,"20":0,"21":38,"22":26,"23":8,"24":32,"25":472,"26":235,"27":1,"28":33,"29":0,"30":123,"31":270,"32":1,"33":11,"34":0,"35":20,"36":42,"37":1,"38":12,"39":0,"40":53,"41":1,"42":1,"43":0,"44":1,"45":1,"46":20,"47":0,"48":8,"49":1,"50":4,"51":39,"52":1,"53":10,"54":37,"55":1,"56":3,"57":22,"58":1,"59":1,"60":0,"61":5,"62":1,"63":1,"64":0,"65":1,"66":27,"67":0,"68":133,"69":1,"70":50,"71":0,"72":186,"73":1,"74":9,"75":0,"76":1,"77":1,"78":0,"79":0,"80":130,"81":33,"82":11,"83":1,"84":0,"85":22,"86":3,"87":12,"88":10,"89":3,"90":2,"91":4,"92":1,"93":3,"94":3,"95":6,"96":2,"97":1,"98":3,"99":1,"100":0,"101":8,"102":0,"103":1,"104":0,"105":5,"106":2,"107":3,"108":3,"109":1,"110":0,"111":3,"112":0,"113":1,"114":1,"115":1,"116":0,"117":0,"118":1,"119":1,"120":0,"121":0,"122":0,"123":0,"124":0,"125":0,"126":0},"fnMap":{"1":{"name":"(anonymous_1)","line":4,"loc":{"start":{"line":4,"column":44},"end":{"line":4,"column":60}}},"2":{"name":"__","line":6,"loc":{"start":{"line":6,"column":4},"end":{"line":6,"column":18}}},"3":{"name":"(anonymous_3)","line":10,"loc":{"start":{"line":10,"column":1},"end":{"line":10,"column":21}}},"4":{"name":"genId","line":13,"loc":{"start":{"line":13,"column":4},"end":{"line":13,"column":21}}},"5":{"name":"Initialize","line":21,"loc":{"start":{"line":21,"column":4},"end":{"line":21,"column":26}}},"6":{"name":"(anonymous_6)","line":27,"loc":{"start":{"line":27,"column":22},"end":{"line":27,"column":34}}},"7":{"name":"ParseIndex","line":28,"loc":{"start":{"line":28,"column":8},"end":{"line":28,"column":42}}},"8":{"name":"(anonymous_8)","line":34,"loc":{"start":{"line":34,"column":38},"end":{"line":34,"column":50}}},"9":{"name":"(anonymous_9)","line":37,"loc":{"start":{"line":37,"column":40},"end":{"line":37,"column":52}}},"10":{"name":"(anonymous_10)","line":40,"loc":{"start":{"line":40,"column":39},"end":{"line":40,"column":51}}},"11":{"name":"(anonymous_11)","line":43,"loc":{"start":{"line":43,"column":39},"end":{"line":43,"column":57}}},"12":{"name":"(anonymous_12)","line":46,"loc":{"start":{"line":46,"column":37},"end":{"line":46,"column":49}}},"13":{"name":"(anonymous_13)","line":54,"loc":{"start":{"line":54,"column":21},"end":{"line":54,"column":33}}},"14":{"name":"ParseNode","line":55,"loc":{"start":{"line":55,"column":8},"end":{"line":55,"column":29}}},"15":{"name":"(anonymous_15)","line":65,"loc":{"start":{"line":65,"column":16},"end":{"line":65,"column":28}}},"16":{"name":"Rule","line":67,"loc":{"start":{"line":67,"column":8},"end":{"line":67,"column":29}}},"17":{"name":"(anonymous_17)","line":79,"loc":{"start":{"line":79,"column":37},"end":{"line":79,"column":54}}},"18":{"name":"(anonymous_18)","line":83,"loc":{"start":{"line":83,"column":45},"end":{"line":83,"column":62}}},"19":{"name":"(anonymous_19)","line":89,"loc":{"start":{"line":89,"column":31},"end":{"line":89,"column":48}}},"20":{"name":"(anonymous_20)","line":101,"loc":{"start":{"line":101,"column":36},"end":{"line":101,"column":53}}},"21":{"name":"(anonymous_21)","line":109,"loc":{"start":{"line":109,"column":33},"end":{"line":109,"column":53}}},"22":{"name":"(anonymous_22)","line":114,"loc":{"start":{"line":114,"column":33},"end":{"line":114,"column":49}}},"23":{"name":"(anonymous_23)","line":119,"loc":{"start":{"line":119,"column":33},"end":{"line":119,"column":49}}},"24":{"name":"(anonymous_24)","line":128,"loc":{"start":{"line":128,"column":17},"end":{"line":128,"column":29}}},"25":{"name":"(anonymous_25)","line":136,"loc":{"start":{"line":136,"column":17},"end":{"line":136,"column":29}}},"26":{"name":"(anonymous_26)","line":143,"loc":{"start":{"line":143,"column":34},"end":{"line":143,"column":46}}},"27":{"name":"(anonymous_27)","line":155,"loc":{"start":{"line":155,"column":20},"end":{"line":155,"column":38}}},"28":{"name":"Sequence","line":157,"loc":{"start":{"line":157,"column":8},"end":{"line":157,"column":33}}},"29":{"name":"(anonymous_29)","line":161,"loc":{"start":{"line":161,"column":49},"end":{"line":161,"column":66}}},"30":{"name":"(anonymous_30)","line":178,"loc":{"start":{"line":178,"column":17},"end":{"line":178,"column":29}}},"31":{"name":"(anonymous_31)","line":179,"loc":{"start":{"line":179,"column":44},"end":{"line":179,"column":57}}},"32":{"name":"(anonymous_32)","line":188,"loc":{"start":{"line":188,"column":18},"end":{"line":188,"column":36}}},"33":{"name":"Choice","line":190,"loc":{"start":{"line":190,"column":8},"end":{"line":190,"column":31}}},"34":{"name":"(anonymous_34)","line":194,"loc":{"start":{"line":194,"column":47},"end":{"line":194,"column":64}}},"35":{"name":"(anonymous_35)","line":211,"loc":{"start":{"line":211,"column":17},"end":{"line":211,"column":29}}},"36":{"name":"(anonymous_36)","line":212,"loc":{"start":{"line":212,"column":44},"end":{"line":212,"column":57}}},"37":{"name":"(anonymous_37)","line":221,"loc":{"start":{"line":221,"column":15},"end":{"line":221,"column":33}}},"38":{"name":"Not","line":223,"loc":{"start":{"line":223,"column":8},"end":{"line":223,"column":27}}},"39":{"name":"(anonymous_39)","line":227,"loc":{"start":{"line":227,"column":44},"end":{"line":227,"column":61}}},"40":{"name":"(anonymous_40)","line":234,"loc":{"start":{"line":234,"column":17},"end":{"line":234,"column":29}}},"41":{"name":"(anonymous_41)","line":244,"loc":{"start":{"line":244,"column":15},"end":{"line":244,"column":33}}},"42":{"name":"And","line":246,"loc":{"start":{"line":246,"column":8},"end":{"line":246,"column":27}}},"43":{"name":"(anonymous_43)","line":250,"loc":{"start":{"line":250,"column":44},"end":{"line":250,"column":61}}},"44":{"name":"(anonymous_44)","line":257,"loc":{"start":{"line":257,"column":17},"end":{"line":257,"column":29}}},"45":{"name":"(anonymous_45)","line":267,"loc":{"start":{"line":267,"column":23},"end":{"line":267,"column":41}}},"46":{"name":"BoundedRule","line":269,"loc":{"start":{"line":269,"column":8},"end":{"line":269,"column":45}}},"47":{"name":"(anonymous_47)","line":277,"loc":{"start":{"line":277,"column":52},"end":{"line":277,"column":69}}},"48":{"name":"(anonymous_48)","line":294,"loc":{"start":{"line":294,"column":17},"end":{"line":294,"column":29}}},"49":{"name":"(anonymous_49)","line":304,"loc":{"start":{"line":304,"column":20},"end":{"line":304,"column":38}}},"50":{"name":"Optional","line":306,"loc":{"start":{"line":306,"column":8},"end":{"line":306,"column":32}}},"51":{"name":"(anonymous_51)","line":311,"loc":{"start":{"line":311,"column":17},"end":{"line":311,"column":29}}},"52":{"name":"(anonymous_52)","line":321,"loc":{"start":{"line":321,"column":16},"end":{"line":321,"column":34}}},"53":{"name":"Star","line":323,"loc":{"start":{"line":323,"column":8},"end":{"line":323,"column":28}}},"54":{"name":"(anonymous_54)","line":328,"loc":{"start":{"line":328,"column":17},"end":{"line":328,"column":29}}},"55":{"name":"(anonymous_55)","line":338,"loc":{"start":{"line":338,"column":16},"end":{"line":338,"column":34}}},"56":{"name":"Plus","line":340,"loc":{"start":{"line":340,"column":8},"end":{"line":340,"column":28}}},"57":{"name":"(anonymous_57)","line":345,"loc":{"start":{"line":345,"column":17},"end":{"line":345,"column":29}}},"58":{"name":"(anonymous_58)","line":355,"loc":{"start":{"line":355,"column":15},"end":{"line":355,"column":33}}},"59":{"name":"End","line":357,"loc":{"start":{"line":357,"column":8},"end":{"line":357,"column":23}}},"60":{"name":"(anonymous_60)","line":361,"loc":{"start":{"line":361,"column":44},"end":{"line":361,"column":61}}},"61":{"name":"(anonymous_61)","line":366,"loc":{"start":{"line":366,"column":17},"end":{"line":366,"column":29}}},"62":{"name":"(anonymous_62)","line":376,"loc":{"start":{"line":376,"column":19},"end":{"line":376,"column":37}}},"63":{"name":"Advance","line":378,"loc":{"start":{"line":378,"column":8},"end":{"line":378,"column":27}}},"64":{"name":"(anonymous_64)","line":382,"loc":{"start":{"line":382,"column":48},"end":{"line":382,"column":65}}},"65":{"name":"(anonymous_65)","line":393,"loc":{"start":{"line":393,"column":14},"end":{"line":393,"column":32}}},"66":{"name":"Re","line":395,"loc":{"start":{"line":395,"column":8},"end":{"line":395,"column":27}}},"67":{"name":"(anonymous_67)","line":400,"loc":{"start":{"line":400,"column":43},"end":{"line":400,"column":60}}},"68":{"name":"(anonymous_68)","line":426,"loc":{"start":{"line":426,"column":17},"end":{"line":426,"column":29}}},"69":{"name":"(anonymous_69)","line":437,"loc":{"start":{"line":437,"column":16},"end":{"line":437,"column":34}}},"70":{"name":"Text","line":439,"loc":{"start":{"line":439,"column":8},"end":{"line":439,"column":28}}},"71":{"name":"(anonymous_71)","line":444,"loc":{"start":{"line":444,"column":45},"end":{"line":444,"column":62}}},"72":{"name":"(anonymous_72)","line":462,"loc":{"start":{"line":462,"column":17},"end":{"line":462,"column":29}}},"73":{"name":"(anonymous_73)","line":474,"loc":{"start":{"line":474,"column":18},"end":{"line":474,"column":36}}},"74":{"name":"Action","line":476,"loc":{"start":{"line":476,"column":8},"end":{"line":476,"column":28}}},"75":{"name":"(anonymous_75)","line":481,"loc":{"start":{"line":481,"column":47},"end":{"line":481,"column":64}}},"76":{"name":"(anonymous_76)","line":490,"loc":{"start":{"line":490,"column":17},"end":{"line":490,"column":35}}},"77":{"name":"Delay","line":492,"loc":{"start":{"line":492,"column":8},"end":{"line":492,"column":27}}},"78":{"name":"(anonymous_78)","line":497,"loc":{"start":{"line":497,"column":46},"end":{"line":497,"column":63}}},"79":{"name":"(anonymous_79)","line":501,"loc":{"start":{"line":501,"column":17},"end":{"line":501,"column":29}}},"80":{"name":"RuleTypeToRule","line":511,"loc":{"start":{"line":511,"column":4},"end":{"line":511,"column":34}}},"81":{"name":"seq","line":524,"loc":{"start":{"line":524,"column":4},"end":{"line":524,"column":19}}},"82":{"name":"choice","line":533,"loc":{"start":{"line":533,"column":4},"end":{"line":533,"column":22}}},"83":{"name":"delay","line":543,"loc":{"start":{"line":543,"column":4},"end":{"line":543,"column":24}}},"84":{"name":"(anonymous_84)","line":543,"loc":{"start":{"line":543,"column":43},"end":{"line":543,"column":55}}},"85":{"name":"re","line":548,"loc":{"start":{"line":548,"column":4},"end":{"line":548,"column":20}}},"86":{"name":"text","line":550,"loc":{"start":{"line":550,"column":4},"end":{"line":550,"column":24}}},"87":{"name":"not","line":553,"loc":{"start":{"line":553,"column":4},"end":{"line":553,"column":23}}},"88":{"name":"star","line":556,"loc":{"start":{"line":556,"column":4},"end":{"line":556,"column":24}}},"89":{"name":"bounded","line":559,"loc":{"start":{"line":559,"column":4},"end":{"line":559,"column":37}}},"90":{"name":"repeat","line":561,"loc":{"start":{"line":561,"column":4},"end":{"line":561,"column":33}}},"91":{"name":"opt","line":563,"loc":{"start":{"line":563,"column":4},"end":{"line":563,"column":23}}},"92":{"name":"at","line":566,"loc":{"start":{"line":566,"column":4},"end":{"line":566,"column":22}}},"93":{"name":"plus","line":569,"loc":{"start":{"line":569,"column":4},"end":{"line":569,"column":24}}},"94":{"name":"delimitedList","line":572,"loc":{"start":{"line":572,"column":4},"end":{"line":572,"column":44}}},"95":{"name":"except","line":574,"loc":{"start":{"line":574,"column":4},"end":{"line":574,"column":37}}},"96":{"name":"repeatWhileNot","line":576,"loc":{"start":{"line":576,"column":4},"end":{"line":576,"column":45}}},"97":{"name":"repeatUntilPast","line":578,"loc":{"start":{"line":578,"column":4},"end":{"line":578,"column":46}}},"98":{"name":"anyCharExcept","line":580,"loc":{"start":{"line":580,"column":4},"end":{"line":580,"column":33}}},"99":{"name":"advanceWhileNot","line":582,"loc":{"start":{"line":582,"column":4},"end":{"line":582,"column":35}}},"100":{"name":"advanceUntilPast","line":584,"loc":{"start":{"line":584,"column":4},"end":{"line":584,"column":36}}},"101":{"name":"err","line":587,"loc":{"start":{"line":587,"column":4},"end":{"line":587,"column":22}}},"102":{"name":"(anonymous_102)","line":589,"loc":{"start":{"line":589,"column":26},"end":{"line":589,"column":39}}},"103":{"name":"log","line":592,"loc":{"start":{"line":592,"column":4},"end":{"line":592,"column":22}}},"104":{"name":"(anonymous_104)","line":594,"loc":{"start":{"line":594,"column":26},"end":{"line":594,"column":39}}},"105":{"name":"assert","line":598,"loc":{"start":{"line":598,"column":4},"end":{"line":598,"column":31}}},"106":{"name":"assertNot","line":603,"loc":{"start":{"line":603,"column":4},"end":{"line":603,"column":34}}},"107":{"name":"ifThenAssert","line":608,"loc":{"start":{"line":608,"column":4},"end":{"line":608,"column":43}}},"108":{"name":"guardedSeq","line":610,"loc":{"start":{"line":610,"column":4},"end":{"line":610,"column":35}}},"109":{"name":"assertAtEnd","line":618,"loc":{"start":{"line":618,"column":4},"end":{"line":618,"column":27}}},"110":{"name":"tokenize","line":620,"loc":{"start":{"line":620,"column":4},"end":{"line":620,"column":28}}},"111":{"name":"keyword","line":661,"loc":{"start":{"line":661,"column":4},"end":{"line":661,"column":27}}},"112":{"name":"parenthesized","line":665,"loc":{"start":{"line":665,"column":4},"end":{"line":665,"column":33}}},"113":{"name":"braced","line":667,"loc":{"start":{"line":667,"column":4},"end":{"line":667,"column":26}}},"114":{"name":"bracketed","line":669,"loc":{"start":{"line":669,"column":4},"end":{"line":669,"column":29}}},"115":{"name":"doubleQuoted","line":671,"loc":{"start":{"line":671,"column":4},"end":{"line":671,"column":32}}},"116":{"name":"singleQuoted","line":673,"loc":{"start":{"line":673,"column":4},"end":{"line":673,"column":32}}},"117":{"name":"tag","line":675,"loc":{"start":{"line":675,"column":4},"end":{"line":675,"column":23}}},"118":{"name":"commaDelimited","line":678,"loc":{"start":{"line":678,"column":4},"end":{"line":678,"column":34}}},"119":{"name":"semiColonDelimited","line":680,"loc":{"start":{"line":680,"column":4},"end":{"line":680,"column":38}}},"120":{"name":"dotDelimited","line":682,"loc":{"start":{"line":682,"column":4},"end":{"line":682,"column":32}}},"121":{"name":"tabDelimited","line":684,"loc":{"start":{"line":684,"column":4},"end":{"line":684,"column":32}}},"122":{"name":"grammarRules","line":687,"loc":{"start":{"line":687,"column":4},"end":{"line":687,"column":29}}},"123":{"name":"(anonymous_123)","line":690,"loc":{"start":{"line":690,"column":17},"end":{"line":690,"column":30}}},"124":{"name":"(anonymous_124)","line":691,"loc":{"start":{"line":691,"column":20},"end":{"line":691,"column":33}}},"125":{"name":"grammarToString","line":695,"loc":{"start":{"line":695,"column":4},"end":{"line":695,"column":32}}},"126":{"name":"(anonymous_126)","line":697,"loc":{"start":{"line":697,"column":17},"end":{"line":697,"column":30}}}},"statementMap":{"1":{"start":{"line":4,"column":0},"end":{"line":8,"column":2}},"2":{"start":{"line":5,"column":4},"end":{"line":5,"column":58}},"3":{"start":{"line":5,"column":21},"end":{"line":5,"column":58}},"4":{"start":{"line":5,"column":46},"end":{"line":5,"column":58}},"5":{"start":{"line":6,"column":4},"end":{"line":6,"column":43}},"6":{"start":{"line":6,"column":20},"end":{"line":6,"column":41}},"7":{"start":{"line":7,"column":4},"end":{"line":7,"column":89}},"8":{"start":{"line":9,"column":0},"end":{"line":9,"column":13}},"9":{"start":{"line":10,"column":0},"end":{"line":701,"column":59}},"10":{"start":{"line":12,"column":4},"end":{"line":12,"column":20}},"11":{"start":{"line":13,"column":4},"end":{"line":15,"column":5}},"12":{"start":{"line":14,"column":8},"end":{"line":14,"column":25}},"13":{"start":{"line":17,"column":4},"end":{"line":17,"column":20}},"14":{"start":{"line":19,"column":4},"end":{"line":19,"column":26}},"15":{"start":{"line":21,"column":4},"end":{"line":23,"column":5}},"16":{"start":{"line":22,"column":8},"end":{"line":22,"column":20}},"17":{"start":{"line":24,"column":4},"end":{"line":24,"column":37}},"18":{"start":{"line":27,"column":4},"end":{"line":50,"column":9}},"19":{"start":{"line":28,"column":8},"end":{"line":33,"column":9}},"20":{"start":{"line":29,"column":12},"end":{"line":29,"column":48}},"21":{"start":{"line":29,"column":36},"end":{"line":29,"column":46}},"22":{"start":{"line":30,"column":12},"end":{"line":30,"column":31}},"23":{"start":{"line":31,"column":12},"end":{"line":31,"column":31}},"24":{"start":{"line":32,"column":12},"end":{"line":32,"column":36}},"25":{"start":{"line":34,"column":8},"end":{"line":36,"column":10}},"26":{"start":{"line":35,"column":12},"end":{"line":35,"column":51}},"27":{"start":{"line":37,"column":8},"end":{"line":39,"column":10}},"28":{"start":{"line":38,"column":12},"end":{"line":38,"column":42}},"29":{"start":{"line":40,"column":8},"end":{"line":42,"column":10}},"30":{"start":{"line":41,"column":12},"end":{"line":41,"column":30}},"31":{"start":{"line":43,"column":8},"end":{"line":45,"column":10}},"32":{"start":{"line":44,"column":12},"end":{"line":44,"column":67}},"33":{"start":{"line":46,"column":8},"end":{"line":48,"column":10}},"34":{"start":{"line":47,"column":12},"end":{"line":47,"column":42}},"35":{"start":{"line":49,"column":8},"end":{"line":49,"column":26}},"36":{"start":{"line":51,"column":4},"end":{"line":51,"column":37}},"37":{"start":{"line":54,"column":4},"end":{"line":59,"column":9}},"38":{"start":{"line":55,"column":8},"end":{"line":57,"column":9}},"39":{"start":{"line":56,"column":12},"end":{"line":56,"column":40}},"40":{"start":{"line":58,"column":8},"end":{"line":58,"column":25}},"41":{"start":{"line":60,"column":4},"end":{"line":60,"column":35}},"42":{"start":{"line":65,"column":4},"end":{"line":147,"column":9}},"43":{"start":{"line":67,"column":8},"end":{"line":77,"column":9}},"44":{"start":{"line":68,"column":12},"end":{"line":68,"column":31}},"45":{"start":{"line":70,"column":12},"end":{"line":70,"column":27}},"46":{"start":{"line":72,"column":12},"end":{"line":72,"column":30}},"47":{"start":{"line":74,"column":12},"end":{"line":74,"column":27}},"48":{"start":{"line":76,"column":12},"end":{"line":76,"column":29}},"49":{"start":{"line":79,"column":8},"end":{"line":81,"column":10}},"50":{"start":{"line":80,"column":12},"end":{"line":80,"column":53}},"51":{"start":{"line":83,"column":8},"end":{"line":85,"column":10}},"52":{"start":{"line":84,"column":12},"end":{"line":84,"column":80}},"53":{"start":{"line":89,"column":8},"end":{"line":99,"column":10}},"54":{"start":{"line":90,"column":12},"end":{"line":98,"column":13}},"55":{"start":{"line":91,"column":16},"end":{"line":91,"column":57}},"56":{"start":{"line":92,"column":16},"end":{"line":93,"column":67}},"57":{"start":{"line":93,"column":20},"end":{"line":93,"column":67}},"58":{"start":{"line":94,"column":16},"end":{"line":94,"column":36}},"59":{"start":{"line":97,"column":16},"end":{"line":97,"column":55}},"60":{"start":{"line":101,"column":8},"end":{"line":107,"column":10}},"61":{"start":{"line":102,"column":12},"end":{"line":102,"column":39}},"62":{"start":{"line":103,"column":12},"end":{"line":103,"column":29}},"63":{"start":{"line":104,"column":12},"end":{"line":104,"column":31}},"64":{"start":{"line":105,"column":12},"end":{"line":105,"column":29}},"65":{"start":{"line":106,"column":12},"end":{"line":106,"column":24}},"66":{"start":{"line":109,"column":8},"end":{"line":112,"column":10}},"67":{"start":{"line":110,"column":12},"end":{"line":110,"column":33}},"68":{"start":{"line":111,"column":12},"end":{"line":111,"column":24}},"69":{"start":{"line":114,"column":8},"end":{"line":117,"column":10}},"70":{"start":{"line":115,"column":12},"end":{"line":115,"column":29}},"71":{"start":{"line":116,"column":12},"end":{"line":116,"column":24}},"72":{"start":{"line":119,"column":8},"end":{"line":125,"column":10}},"73":{"start":{"line":120,"column":12},"end":{"line":120,"column":47}},"74":{"start":{"line":120,"column":35},"end":{"line":120,"column":45}},"75":{"start":{"line":121,"column":12},"end":{"line":122,"column":33}},"76":{"start":{"line":122,"column":16},"end":{"line":122,"column":33}},"77":{"start":{"line":123,"column":12},"end":{"line":123,"column":30}},"78":{"start":{"line":124,"column":12},"end":{"line":124,"column":24}},"79":{"start":{"line":126,"column":8},"end":{"line":133,"column":11}},"80":{"start":{"line":129,"column":16},"end":{"line":129,"column":45}},"81":{"start":{"line":134,"column":8},"end":{"line":141,"column":11}},"82":{"start":{"line":137,"column":16},"end":{"line":137,"column":63}},"83":{"start":{"line":143,"column":8},"end":{"line":145,"column":10}},"84":{"start":{"line":144,"column":12},"end":{"line":144,"column":58}},"85":{"start":{"line":146,"column":8},"end":{"line":146,"column":20}},"86":{"start":{"line":148,"column":4},"end":{"line":148,"column":25}},"87":{"start":{"line":155,"column":4},"end":{"line":185,"column":13}},"88":{"start":{"line":156,"column":8},"end":{"line":156,"column":36}},"89":{"start":{"line":157,"column":8},"end":{"line":160,"column":9}},"90":{"start":{"line":158,"column":12},"end":{"line":158,"column":37}},"91":{"start":{"line":159,"column":12},"end":{"line":159,"column":35}},"92":{"start":{"line":161,"column":8},"end":{"line":175,"column":10}},"93":{"start":{"line":162,"column":12},"end":{"line":162,"column":69}},"94":{"start":{"line":163,"column":12},"end":{"line":173,"column":13}},"95":{"start":{"line":164,"column":16},"end":{"line":164,"column":31}},"96":{"start":{"line":165,"column":16},"end":{"line":165,"column":43}},"97":{"start":{"line":166,"column":16},"end":{"line":167,"column":32}},"98":{"start":{"line":167,"column":20},"end":{"line":167,"column":32}},"99":{"start":{"line":168,"column":16},"end":{"line":168,"column":34}},"100":{"start":{"line":169,"column":16},"end":{"line":170,"column":46}},"101":{"start":{"line":170,"column":20},"end":{"line":170,"column":46}},"102":{"start":{"line":171,"column":16},"end":{"line":171,"column":36}},"103":{"start":{"line":172,"column":16},"end":{"line":172,"column":33}},"104":{"start":{"line":174,"column":12},"end":{"line":174,"column":24}},"105":{"start":{"line":176,"column":8},"end":{"line":183,"column":11}},"106":{"start":{"line":179,"column":16},"end":{"line":179,"column":105}},"107":{"start":{"line":179,"column":59},"end":{"line":179,"column":85}},"108":{"start":{"line":184,"column":8},"end":{"line":184,"column":24}},"109":{"start":{"line":186,"column":4},"end":{"line":186,"column":33}},"110":{"start":{"line":188,"column":4},"end":{"line":218,"column":13}},"111":{"start":{"line":189,"column":8},"end":{"line":189,"column":34}},"112":{"start":{"line":190,"column":8},"end":{"line":193,"column":9}},"113":{"start":{"line":191,"column":12},"end":{"line":191,"column":37}},"114":{"start":{"line":192,"column":12},"end":{"line":192,"column":33}},"115":{"start":{"line":194,"column":8},"end":{"line":208,"column":10}},"116":{"start":{"line":195,"column":12},"end":{"line":195,"column":69}},"117":{"start":{"line":196,"column":12},"end":{"line":206,"column":13}},"118":{"start":{"line":197,"column":16},"end":{"line":197,"column":31}},"119":{"start":{"line":198,"column":16},"end":{"line":198,"column":43}},"120":{"start":{"line":199,"column":16},"end":{"line":200,"column":29}},"121":{"start":{"line":200,"column":20},"end":{"line":200,"column":29}},"122":{"start":{"line":201,"column":16},"end":{"line":201,"column":36}},"123":{"start":{"line":202,"column":16},"end":{"line":203,"column":46}},"124":{"start":{"line":203,"column":20},"end":{"line":203,"column":46}},"125":{"start":{"line":204,"column":16},"end":{"line":204,"column":33}},"126":{"start":{"line":205,"column":16},"end":{"line":205,"column":29}},"127":{"start":{"line":207,"column":12},"end":{"line":207,"column":24}},"128":{"start":{"line":209,"column":8},"end":{"line":216,"column":11}},"129":{"start":{"line":212,"column":16},"end":{"line":212,"column":107}},"130":{"start":{"line":212,"column":59},"end":{"line":212,"column":85}},"131":{"start":{"line":217,"column":8},"end":{"line":217,"column":22}},"132":{"start":{"line":219,"column":4},"end":{"line":219,"column":29}},"133":{"start":{"line":221,"column":4},"end":{"line":241,"column":13}},"134":{"start":{"line":222,"column":8},"end":{"line":222,"column":31}},"135":{"start":{"line":223,"column":8},"end":{"line":226,"column":9}},"136":{"start":{"line":224,"column":12},"end":{"line":224,"column":38}},"137":{"start":{"line":225,"column":12},"end":{"line":225,"column":30}},"138":{"start":{"line":227,"column":8},"end":{"line":232,"column":10}},"139":{"start":{"line":228,"column":12},"end":{"line":228,"column":69}},"140":{"start":{"line":229,"column":12},"end":{"line":230,"column":28}},"141":{"start":{"line":230,"column":16},"end":{"line":230,"column":28}},"142":{"start":{"line":231,"column":12},"end":{"line":231,"column":24}},"143":{"start":{"line":233,"column":8},"end":{"line":239,"column":11}},"144":{"start":{"line":235,"column":16},"end":{"line":235,"column":60}},"145":{"start":{"line":240,"column":8},"end":{"line":240,"column":19}},"146":{"start":{"line":242,"column":4},"end":{"line":242,"column":23}},"147":{"start":{"line":244,"column":4},"end":{"line":264,"column":13}},"148":{"start":{"line":245,"column":8},"end":{"line":245,"column":31}},"149":{"start":{"line":246,"column":8},"end":{"line":249,"column":9}},"150":{"start":{"line":247,"column":12},"end":{"line":247,"column":38}},"151":{"start":{"line":248,"column":12},"end":{"line":248,"column":30}},"152":{"start":{"line":250,"column":8},"end":{"line":255,"column":10}},"153":{"start":{"line":251,"column":12},"end":{"line":251,"column":69}},"154":{"start":{"line":252,"column":12},"end":{"line":253,"column":28}},"155":{"start":{"line":253,"column":16},"end":{"line":253,"column":28}},"156":{"start":{"line":254,"column":12},"end":{"line":254,"column":24}},"157":{"start":{"line":256,"column":8},"end":{"line":262,"column":11}},"158":{"start":{"line":258,"column":16},"end":{"line":258,"column":60}},"159":{"start":{"line":263,"column":8},"end":{"line":263,"column":19}},"160":{"start":{"line":265,"column":4},"end":{"line":265,"column":23}},"161":{"start":{"line":267,"column":4},"end":{"line":301,"column":13}},"162":{"start":{"line":268,"column":8},"end":{"line":268,"column":39}},"163":{"start":{"line":269,"column":8},"end":{"line":276,"column":9}},"164":{"start":{"line":270,"column":12},"end":{"line":270,"column":44}},"165":{"start":{"line":270,"column":34},"end":{"line":270,"column":42}},"166":{"start":{"line":271,"column":12},"end":{"line":271,"column":59}},"167":{"start":{"line":271,"column":34},"end":{"line":271,"column":57}},"168":{"start":{"line":272,"column":12},"end":{"line":272,"column":38}},"169":{"start":{"line":273,"column":12},"end":{"line":273,"column":27}},"170":{"start":{"line":274,"column":12},"end":{"line":274,"column":27}},"171":{"start":{"line":275,"column":12},"end":{"line":275,"column":34}},"172":{"start":{"line":277,"column":8},"end":{"line":292,"column":10}},"173":{"start":{"line":278,"column":12},"end":{"line":278,"column":69}},"174":{"start":{"line":279,"column":12},"end":{"line":279,"column":51}},"175":{"start":{"line":280,"column":12},"end":{"line":280,"column":22}},"176":{"start":{"line":281,"column":12},"end":{"line":288,"column":13}},"177":{"start":{"line":282,"column":16},"end":{"line":282,"column":20}},"178":{"start":{"line":283,"column":16},"end":{"line":284,"column":46}},"179":{"start":{"line":284,"column":20},"end":{"line":284,"column":46}},"180":{"start":{"line":285,"column":16},"end":{"line":285,"column":34}},"181":{"start":{"line":286,"column":16},"end":{"line":286,"column":33}},"182":{"start":{"line":287,"column":16},"end":{"line":287,"column":51}},"183":{"start":{"line":289,"column":12},"end":{"line":290,"column":28}},"184":{"start":{"line":290,"column":16},"end":{"line":290,"column":28}},"185":{"start":{"line":291,"column":12},"end":{"line":291,"column":24}},"186":{"start":{"line":293,"column":8},"end":{"line":299,"column":11}},"187":{"start":{"line":295,"column":16},"end":{"line":295,"column":94}},"188":{"start":{"line":300,"column":8},"end":{"line":300,"column":27}},"189":{"start":{"line":302,"column":4},"end":{"line":302,"column":39}},"190":{"start":{"line":304,"column":4},"end":{"line":318,"column":20}},"191":{"start":{"line":305,"column":8},"end":{"line":305,"column":36}},"192":{"start":{"line":306,"column":8},"end":{"line":309,"column":9}},"193":{"start":{"line":307,"column":12},"end":{"line":307,"column":42}},"194":{"start":{"line":308,"column":12},"end":{"line":308,"column":35}},"195":{"start":{"line":310,"column":8},"end":{"line":316,"column":11}},"196":{"start":{"line":312,"column":16},"end":{"line":312,"column":60}},"197":{"start":{"line":317,"column":8},"end":{"line":317,"column":24}},"198":{"start":{"line":319,"column":4},"end":{"line":319,"column":33}},"199":{"start":{"line":321,"column":4},"end":{"line":335,"column":20}},"200":{"start":{"line":322,"column":8},"end":{"line":322,"column":32}},"201":{"start":{"line":323,"column":8},"end":{"line":326,"column":9}},"202":{"start":{"line":324,"column":12},"end":{"line":324,"column":36}},"203":{"start":{"line":325,"column":12},"end":{"line":325,"column":31}},"204":{"start":{"line":327,"column":8},"end":{"line":333,"column":11}},"205":{"start":{"line":329,"column":16},"end":{"line":329,"column":60}},"206":{"start":{"line":334,"column":8},"end":{"line":334,"column":20}},"207":{"start":{"line":336,"column":4},"end":{"line":336,"column":25}},"208":{"start":{"line":338,"column":4},"end":{"line":352,"column":20}},"209":{"start":{"line":339,"column":8},"end":{"line":339,"column":32}},"210":{"start":{"line":340,"column":8},"end":{"line":343,"column":9}},"211":{"start":{"line":341,"column":12},"end":{"line":341,"column":39}},"212":{"start":{"line":342,"column":12},"end":{"line":342,"column":31}},"213":{"start":{"line":344,"column":8},"end":{"line":350,"column":11}},"214":{"start":{"line":346,"column":16},"end":{"line":346,"column":60}},"215":{"start":{"line":351,"column":8},"end":{"line":351,"column":20}},"216":{"start":{"line":353,"column":4},"end":{"line":353,"column":25}},"217":{"start":{"line":355,"column":4},"end":{"line":373,"column":13}},"218":{"start":{"line":356,"column":8},"end":{"line":356,"column":31}},"219":{"start":{"line":357,"column":8},"end":{"line":360,"column":9}},"220":{"start":{"line":358,"column":12},"end":{"line":358,"column":34}},"221":{"start":{"line":359,"column":12},"end":{"line":359,"column":30}},"222":{"start":{"line":361,"column":8},"end":{"line":364,"column":10}},"223":{"start":{"line":362,"column":12},"end":{"line":362,"column":69}},"224":{"start":{"line":363,"column":12},"end":{"line":363,"column":47}},"225":{"start":{"line":365,"column":8},"end":{"line":371,"column":11}},"226":{"start":{"line":367,"column":16},"end":{"line":367,"column":27}},"227":{"start":{"line":372,"column":8},"end":{"line":372,"column":19}},"228":{"start":{"line":374,"column":4},"end":{"line":374,"column":23}},"229":{"start":{"line":376,"column":4},"end":{"line":390,"column":13}},"230":{"start":{"line":377,"column":8},"end":{"line":377,"column":35}},"231":{"start":{"line":378,"column":8},"end":{"line":381,"column":9}},"232":{"start":{"line":379,"column":12},"end":{"line":379,"column":34}},"233":{"start":{"line":380,"column":12},"end":{"line":380,"column":34}},"234":{"start":{"line":382,"column":8},"end":{"line":388,"column":10}},"235":{"start":{"line":383,"column":12},"end":{"line":384,"column":28}},"236":{"start":{"line":384,"column":16},"end":{"line":384,"column":28}},"237":{"start":{"line":385,"column":12},"end":{"line":385,"column":69}},"238":{"start":{"line":386,"column":12},"end":{"line":386,"column":40}},"239":{"start":{"line":387,"column":12},"end":{"line":387,"column":24}},"240":{"start":{"line":389,"column":8},"end":{"line":389,"column":23}},"241":{"start":{"line":391,"column":4},"end":{"line":391,"column":31}},"242":{"start":{"line":393,"column":4},"end":{"line":433,"column":13}},"243":{"start":{"line":394,"column":8},"end":{"line":394,"column":30}},"244":{"start":{"line":395,"column":8},"end":{"line":399,"column":9}},"245":{"start":{"line":396,"column":12},"end":{"line":396,"column":34}},"246":{"start":{"line":397,"column":12},"end":{"line":397,"column":31}},"247":{"start":{"line":398,"column":12},"end":{"line":398,"column":32}},"248":{"start":{"line":400,"column":8},"end":{"line":424,"column":10}},"249":{"start":{"line":401,"column":12},"end":{"line":401,"column":69}},"250":{"start":{"line":402,"column":12},"end":{"line":422,"column":13}},"251":{"start":{"line":403,"column":16},"end":{"line":403,"column":51}},"252":{"start":{"line":404,"column":16},"end":{"line":404,"column":68}},"253":{"start":{"line":405,"column":16},"end":{"line":406,"column":32}},"254":{"start":{"line":406,"column":20},"end":{"line":406,"column":32}},"255":{"start":{"line":407,"column":16},"end":{"line":408,"column":32}},"256":{"start":{"line":408,"column":20},"end":{"line":408,"column":32}},"257":{"start":{"line":409,"column":16},"end":{"line":409,"column":44}},"258":{"start":{"line":410,"column":16},"end":{"line":410,"column":55}},"259":{"start":{"line":414,"column":16},"end":{"line":414,"column":41}},"260":{"start":{"line":415,"column":16},"end":{"line":415,"column":45}},"261":{"start":{"line":416,"column":16},"end":{"line":416,"column":58}},"262":{"start":{"line":417,"column":16},"end":{"line":418,"column":32}},"263":{"start":{"line":418,"column":20},"end":{"line":418,"column":32}},"264":{"start":{"line":419,"column":16},"end":{"line":420,"column":32}},"265":{"start":{"line":420,"column":20},"end":{"line":420,"column":32}},"266":{"start":{"line":421,"column":16},"end":{"line":421,"column":44}},"267":{"start":{"line":423,"column":12},"end":{"line":423,"column":24}},"268":{"start":{"line":425,"column":8},"end":{"line":431,"column":11}},"269":{"start":{"line":427,"column":16},"end":{"line":427,"column":53}},"270":{"start":{"line":432,"column":8},"end":{"line":432,"column":18}},"271":{"start":{"line":434,"column":4},"end":{"line":434,"column":21}},"272":{"start":{"line":437,"column":4},"end":{"line":469,"column":13}},"273":{"start":{"line":438,"column":8},"end":{"line":438,"column":32}},"274":{"start":{"line":439,"column":8},"end":{"line":443,"column":9}},"275":{"start":{"line":440,"column":12},"end":{"line":440,"column":34}},"276":{"start":{"line":441,"column":12},"end":{"line":441,"column":29}},"277":{"start":{"line":442,"column":12},"end":{"line":442,"column":31}},"278":{"start":{"line":444,"column":8},"end":{"line":460,"column":10}},"279":{"start":{"line":445,"column":12},"end":{"line":445,"column":69}},"280":{"start":{"line":446,"column":12},"end":{"line":446,"column":36}},"281":{"start":{"line":447,"column":12},"end":{"line":447,"column":53}},"282":{"start":{"line":448,"column":12},"end":{"line":458,"column":13}},"283":{"start":{"line":449,"column":16},"end":{"line":449,"column":66}},"284":{"start":{"line":450,"column":16},"end":{"line":451,"column":32}},"285":{"start":{"line":451,"column":20},"end":{"line":451,"column":32}},"286":{"start":{"line":452,"column":16},"end":{"line":452,"column":59}},"287":{"start":{"line":455,"column":16},"end":{"line":456,"column":32}},"288":{"start":{"line":456,"column":20},"end":{"line":456,"column":32}},"289":{"start":{"line":457,"column":16},"end":{"line":457,"column":44}},"290":{"start":{"line":459,"column":12},"end":{"line":459,"column":24}},"291":{"start":{"line":461,"column":8},"end":{"line":467,"column":11}},"292":{"start":{"line":463,"column":16},"end":{"line":463,"column":45}},"293":{"start":{"line":468,"column":8},"end":{"line":468,"column":20}},"294":{"start":{"line":470,"column":4},"end":{"line":470,"column":25}},"295":{"start":{"line":474,"column":4},"end":{"line":486,"column":13}},"296":{"start":{"line":475,"column":8},"end":{"line":475,"column":34}},"297":{"start":{"line":476,"column":8},"end":{"line":480,"column":9}},"298":{"start":{"line":477,"column":12},"end":{"line":477,"column":34}},"299":{"start":{"line":478,"column":12},"end":{"line":478,"column":25}},"300":{"start":{"line":479,"column":12},"end":{"line":479,"column":33}},"301":{"start":{"line":481,"column":8},"end":{"line":484,"column":10}},"302":{"start":{"line":482,"column":12},"end":{"line":482,"column":27}},"303":{"start":{"line":483,"column":12},"end":{"line":483,"column":65}},"304":{"start":{"line":485,"column":8},"end":{"line":485,"column":22}},"305":{"start":{"line":487,"column":4},"end":{"line":487,"column":29}},"306":{"start":{"line":490,"column":4},"end":{"line":508,"column":13}},"307":{"start":{"line":491,"column":8},"end":{"line":491,"column":33}},"308":{"start":{"line":492,"column":8},"end":{"line":496,"column":9}},"309":{"start":{"line":493,"column":12},"end":{"line":493,"column":34}},"310":{"start":{"line":494,"column":12},"end":{"line":494,"column":25}},"311":{"start":{"line":495,"column":12},"end":{"line":495,"column":32}},"312":{"start":{"line":497,"column":8},"end":{"line":499,"column":10}},"313":{"start":{"line":498,"column":12},"end":{"line":498,"column":42}},"314":{"start":{"line":500,"column":8},"end":{"line":506,"column":11}},"315":{"start":{"line":502,"column":16},"end":{"line":502,"column":44}},"316":{"start":{"line":507,"column":8},"end":{"line":507,"column":21}},"317":{"start":{"line":509,"column":4},"end":{"line":509,"column":27}},"318":{"start":{"line":511,"column":4},"end":{"line":521,"column":5}},"319":{"start":{"line":512,"column":8},"end":{"line":513,"column":24}},"320":{"start":{"line":513,"column":12},"end":{"line":513,"column":24}},"321":{"start":{"line":514,"column":8},"end":{"line":515,"column":32}},"322":{"start":{"line":515,"column":12},"end":{"line":515,"column":32}},"323":{"start":{"line":516,"column":8},"end":{"line":517,"column":34}},"324":{"start":{"line":517,"column":12},"end":{"line":517,"column":34}},"325":{"start":{"line":518,"column":8},"end":{"line":519,"column":30}},"326":{"start":{"line":519,"column":12},"end":{"line":519,"column":30}},"327":{"start":{"line":520,"column":8},"end":{"line":520,"column":56}},"328":{"start":{"line":522,"column":4},"end":{"line":522,"column":45}},"329":{"start":{"line":524,"column":4},"end":{"line":530,"column":5}},"330":{"start":{"line":525,"column":8},"end":{"line":525,"column":23}},"331":{"start":{"line":526,"column":8},"end":{"line":528,"column":9}},"332":{"start":{"line":527,"column":12},"end":{"line":527,"column":42}},"333":{"start":{"line":529,"column":8},"end":{"line":529,"column":55}},"334":{"start":{"line":531,"column":4},"end":{"line":531,"column":23}},"335":{"start":{"line":533,"column":4},"end":{"line":539,"column":5}},"336":{"start":{"line":534,"column":8},"end":{"line":534,"column":23}},"337":{"start":{"line":535,"column":8},"end":{"line":537,"column":9}},"338":{"start":{"line":536,"column":12},"end":{"line":536,"column":42}},"339":{"start":{"line":538,"column":8},"end":{"line":538,"column":53}},"340":{"start":{"line":540,"column":4},"end":{"line":540,"column":29}},"341":{"start":{"line":543,"column":4},"end":{"line":543,"column":92}},"342":{"start":{"line":543,"column":26},"end":{"line":543,"column":90}},"343":{"start":{"line":543,"column":57},"end":{"line":543,"column":86}},"344":{"start":{"line":544,"column":4},"end":{"line":544,"column":27}},"345":{"start":{"line":546,"column":4},"end":{"line":546,"column":29}},"346":{"start":{"line":547,"column":4},"end":{"line":547,"column":37}},"347":{"start":{"line":548,"column":4},"end":{"line":548,"column":42}},"348":{"start":{"line":548,"column":22},"end":{"line":548,"column":40}},"349":{"start":{"line":549,"column":4},"end":{"line":549,"column":21}},"350":{"start":{"line":550,"column":4},"end":{"line":550,"column":50}},"351":{"start":{"line":550,"column":26},"end":{"line":550,"column":48}},"352":{"start":{"line":551,"column":4},"end":{"line":551,"column":25}},"353":{"start":{"line":553,"column":4},"end":{"line":553,"column":64}},"354":{"start":{"line":553,"column":25},"end":{"line":553,"column":62}},"355":{"start":{"line":554,"column":4},"end":{"line":554,"column":23}},"356":{"start":{"line":556,"column":4},"end":{"line":556,"column":66}},"357":{"start":{"line":556,"column":26},"end":{"line":556,"column":64}},"358":{"start":{"line":557,"column":4},"end":{"line":557,"column":25}},"359":{"start":{"line":559,"column":4},"end":{"line":559,"column":96}},"360":{"start":{"line":559,"column":39},"end":{"line":559,"column":94}},"361":{"start":{"line":560,"column":4},"end":{"line":560,"column":31}},"362":{"start":{"line":561,"column":4},"end":{"line":561,"column":72}},"363":{"start":{"line":561,"column":35},"end":{"line":561,"column":70}},"364":{"start":{"line":562,"column":4},"end":{"line":562,"column":29}},"365":{"start":{"line":563,"column":4},"end":{"line":563,"column":69}},"366":{"start":{"line":563,"column":25},"end":{"line":563,"column":67}},"367":{"start":{"line":564,"column":4},"end":{"line":564,"column":23}},"368":{"start":{"line":566,"column":4},"end":{"line":566,"column":63}},"369":{"start":{"line":566,"column":24},"end":{"line":566,"column":61}},"370":{"start":{"line":567,"column":4},"end":{"line":567,"column":21}},"371":{"start":{"line":569,"column":4},"end":{"line":569,"column":66}},"372":{"start":{"line":569,"column":26},"end":{"line":569,"column":64}},"373":{"start":{"line":570,"column":4},"end":{"line":570,"column":25}},"374":{"start":{"line":572,"column":4},"end":{"line":572,"column":118}},"375":{"start":{"line":572,"column":46},"end":{"line":572,"column":116}},"376":{"start":{"line":573,"column":4},"end":{"line":573,"column":43}},"377":{"start":{"line":574,"column":4},"end":{"line":574,"column":92}},"378":{"start":{"line":574,"column":39},"end":{"line":574,"column":90}},"379":{"start":{"line":575,"column":4},"end":{"line":575,"column":29}},"380":{"start":{"line":576,"column":4},"end":{"line":576,"column":106}},"381":{"start":{"line":576,"column":47},"end":{"line":576,"column":104}},"382":{"start":{"line":577,"column":4},"end":{"line":577,"column":45}},"383":{"start":{"line":578,"column":4},"end":{"line":578,"column":127}},"384":{"start":{"line":578,"column":48},"end":{"line":578,"column":125}},"385":{"start":{"line":579,"column":4},"end":{"line":579,"column":47}},"386":{"start":{"line":580,"column":4},"end":{"line":580,"column":100}},"387":{"start":{"line":580,"column":35},"end":{"line":580,"column":98}},"388":{"start":{"line":581,"column":4},"end":{"line":581,"column":43}},"389":{"start":{"line":582,"column":4},"end":{"line":582,"column":99}},"390":{"start":{"line":582,"column":37},"end":{"line":582,"column":97}},"391":{"start":{"line":583,"column":4},"end":{"line":583,"column":47}},"392":{"start":{"line":584,"column":4},"end":{"line":584,"column":108}},"393":{"start":{"line":584,"column":38},"end":{"line":584,"column":106}},"394":{"start":{"line":585,"column":4},"end":{"line":585,"column":49}},"395":{"start":{"line":587,"column":4},"end":{"line":590,"column":5}},"396":{"start":{"line":588,"column":8},"end":{"line":588,"column":54}},"397":{"start":{"line":588,"column":30},"end":{"line":588,"column":52}},"398":{"start":{"line":589,"column":8},"end":{"line":589,"column":72}},"399":{"start":{"line":589,"column":41},"end":{"line":589,"column":53}},"400":{"start":{"line":591,"column":4},"end":{"line":591,"column":23}},"401":{"start":{"line":592,"column":4},"end":{"line":595,"column":5}},"402":{"start":{"line":593,"column":8},"end":{"line":593,"column":41}},"403":{"start":{"line":593,"column":30},"end":{"line":593,"column":39}},"404":{"start":{"line":594,"column":8},"end":{"line":594,"column":77}},"405":{"start":{"line":594,"column":41},"end":{"line":594,"column":58}},"406":{"start":{"line":596,"column":4},"end":{"line":596,"column":23}},"407":{"start":{"line":598,"column":4},"end":{"line":601,"column":5}},"408":{"start":{"line":599,"column":8},"end":{"line":599,"column":56}},"409":{"start":{"line":599,"column":30},"end":{"line":599,"column":54}},"410":{"start":{"line":600,"column":8},"end":{"line":600,"column":74}},"411":{"start":{"line":602,"column":4},"end":{"line":602,"column":29}},"412":{"start":{"line":603,"column":4},"end":{"line":606,"column":5}},"413":{"start":{"line":604,"column":8},"end":{"line":604,"column":63}},"414":{"start":{"line":604,"column":30},"end":{"line":604,"column":61}},"415":{"start":{"line":605,"column":8},"end":{"line":605,"column":79}},"416":{"start":{"line":607,"column":4},"end":{"line":607,"column":35}},"417":{"start":{"line":608,"column":4},"end":{"line":608,"column":107}},"418":{"start":{"line":608,"column":45},"end":{"line":608,"column":105}},"419":{"start":{"line":609,"column":4},"end":{"line":609,"column":41}},"420":{"start":{"line":610,"column":4},"end":{"line":616,"column":5}},"421":{"start":{"line":611,"column":8},"end":{"line":611,"column":23}},"422":{"start":{"line":612,"column":8},"end":{"line":614,"column":9}},"423":{"start":{"line":613,"column":12},"end":{"line":613,"column":42}},"424":{"start":{"line":615,"column":8},"end":{"line":615,"column":87}},"425":{"start":{"line":617,"column":4},"end":{"line":617,"column":37}},"426":{"start":{"line":618,"column":4},"end":{"line":618,"column":82}},"427":{"start":{"line":618,"column":29},"end":{"line":618,"column":80}},"428":{"start":{"line":619,"column":4},"end":{"line":619,"column":39}},"429":{"start":{"line":620,"column":4},"end":{"line":632,"column":5}},"430":{"start":{"line":621,"column":8},"end":{"line":621,"column":24}},"431":{"start":{"line":622,"column":8},"end":{"line":624,"column":9}},"432":{"start":{"line":623,"column":12},"end":{"line":623,"column":43}},"433":{"start":{"line":625,"column":8},"end":{"line":625,"column":54}},"434":{"start":{"line":626,"column":8},"end":{"line":626,"column":54}},"435":{"start":{"line":627,"column":8},"end":{"line":628,"column":26}},"436":{"start":{"line":628,"column":12},"end":{"line":628,"column":26}},"437":{"start":{"line":629,"column":8},"end":{"line":630,"column":62}},"438":{"start":{"line":630,"column":12},"end":{"line":630,"column":62}},"439":{"start":{"line":631,"column":8},"end":{"line":631,"column":22}},"440":{"start":{"line":633,"column":4},"end":{"line":633,"column":33}},"441":{"start":{"line":637,"column":4},"end":{"line":637,"column":57}},"442":{"start":{"line":638,"column":4},"end":{"line":638,"column":68}},"443":{"start":{"line":639,"column":4},"end":{"line":639,"column":68}},"444":{"start":{"line":640,"column":4},"end":{"line":640,"column":61}},"445":{"start":{"line":641,"column":4},"end":{"line":641,"column":56}},"446":{"start":{"line":642,"column":4},"end":{"line":642,"column":64}},"447":{"start":{"line":643,"column":4},"end":{"line":643,"column":60}},"448":{"start":{"line":644,"column":4},"end":{"line":644,"column":63}},"449":{"start":{"line":645,"column":4},"end":{"line":645,"column":61}},"450":{"start":{"line":646,"column":4},"end":{"line":646,"column":61}},"451":{"start":{"line":647,"column":4},"end":{"line":647,"column":78}},"452":{"start":{"line":648,"column":4},"end":{"line":648,"column":82}},"453":{"start":{"line":649,"column":4},"end":{"line":649,"column":83}},"454":{"start":{"line":650,"column":4},"end":{"line":650,"column":77}},"455":{"start":{"line":651,"column":4},"end":{"line":651,"column":50}},"456":{"start":{"line":652,"column":4},"end":{"line":652,"column":58}},"457":{"start":{"line":653,"column":4},"end":{"line":653,"column":78}},"458":{"start":{"line":654,"column":4},"end":{"line":654,"column":64}},"459":{"start":{"line":655,"column":4},"end":{"line":655,"column":73}},"460":{"start":{"line":656,"column":4},"end":{"line":656,"column":75}},"461":{"start":{"line":657,"column":4},"end":{"line":657,"column":49}},"462":{"start":{"line":658,"column":4},"end":{"line":658,"column":42}},"463":{"start":{"line":659,"column":4},"end":{"line":659,"column":55}},"464":{"start":{"line":660,"column":4},"end":{"line":660,"column":55}},"465":{"start":{"line":661,"column":4},"end":{"line":661,"column":82}},"466":{"start":{"line":661,"column":29},"end":{"line":661,"column":80}},"467":{"start":{"line":662,"column":4},"end":{"line":662,"column":31}},"468":{"start":{"line":665,"column":4},"end":{"line":665,"column":71}},"469":{"start":{"line":665,"column":35},"end":{"line":665,"column":69}},"470":{"start":{"line":666,"column":4},"end":{"line":666,"column":43}},"471":{"start":{"line":667,"column":4},"end":{"line":667,"column":64}},"472":{"start":{"line":667,"column":28},"end":{"line":667,"column":62}},"473":{"start":{"line":668,"column":4},"end":{"line":668,"column":29}},"474":{"start":{"line":669,"column":4},"end":{"line":669,"column":67}},"475":{"start":{"line":669,"column":31},"end":{"line":669,"column":65}},"476":{"start":{"line":670,"column":4},"end":{"line":670,"column":35}},"477":{"start":{"line":671,"column":4},"end":{"line":671,"column":72}},"478":{"start":{"line":671,"column":34},"end":{"line":671,"column":70}},"479":{"start":{"line":672,"column":4},"end":{"line":672,"column":41}},"480":{"start":{"line":673,"column":4},"end":{"line":673,"column":70}},"481":{"start":{"line":673,"column":34},"end":{"line":673,"column":68}},"482":{"start":{"line":674,"column":4},"end":{"line":674,"column":41}},"483":{"start":{"line":675,"column":4},"end":{"line":675,"column":61}},"484":{"start":{"line":675,"column":25},"end":{"line":675,"column":59}},"485":{"start":{"line":676,"column":4},"end":{"line":676,"column":23}},"486":{"start":{"line":678,"column":4},"end":{"line":678,"column":70}},"487":{"start":{"line":678,"column":36},"end":{"line":678,"column":68}},"488":{"start":{"line":679,"column":4},"end":{"line":679,"column":45}},"489":{"start":{"line":680,"column":4},"end":{"line":680,"column":74}},"490":{"start":{"line":680,"column":40},"end":{"line":680,"column":72}},"491":{"start":{"line":681,"column":4},"end":{"line":681,"column":53}},"492":{"start":{"line":682,"column":4},"end":{"line":682,"column":68}},"493":{"start":{"line":682,"column":34},"end":{"line":682,"column":66}},"494":{"start":{"line":683,"column":4},"end":{"line":683,"column":41}},"495":{"start":{"line":684,"column":4},"end":{"line":684,"column":69}},"496":{"start":{"line":684,"column":34},"end":{"line":684,"column":67}},"497":{"start":{"line":685,"column":4},"end":{"line":685,"column":41}},"498":{"start":{"line":687,"column":4},"end":{"line":692,"column":5}},"499":{"start":{"line":688,"column":8},"end":{"line":691,"column":64}},"500":{"start":{"line":690,"column":32},"end":{"line":690,"column":44}},"501":{"start":{"line":691,"column":35},"end":{"line":691,"column":60}},"502":{"start":{"line":693,"column":4},"end":{"line":693,"column":41}},"503":{"start":{"line":695,"column":4},"end":{"line":699,"column":5}},"504":{"start":{"line":696,"column":8},"end":{"line":698,"column":24}},"505":{"start":{"line":697,"column":32},"end":{"line":697,"column":52}},"506":{"start":{"line":700,"column":4},"end":{"line":700,"column":47}}},"branchMap":{"1":{"line":4,"type":"binary-expr","locations":[{"start":{"line":4,"column":17},"end":{"line":4,"column":21}},{"start":{"line":4,"column":25},"end":{"line":4,"column":39}},{"start":{"line":4,"column":44},"end":{"line":8,"column":1}}]},"2":{"line":5,"type":"if","locations":[{"start":{"line":5,"column":21},"end":{"line":5,"column":21}},{"start":{"line":5,"column":21},"end":{"line":5,"column":21}}]},"3":{"line":7,"type":"cond-expr","locations":[{"start":{"line":7,"column":31},"end":{"line":7,"column":47}},{"start":{"line":7,"column":51},"end":{"line":7,"column":87}}]},"4":{"line":29,"type":"if","locations":[{"start":{"line":29,"column":12},"end":{"line":29,"column":12}},{"start":{"line":29,"column":12},"end":{"line":29,"column":12}}]},"5":{"line":90,"type":"if","locations":[{"start":{"line":90,"column":12},"end":{"line":90,"column":12}},{"start":{"line":90,"column":12},"end":{"line":90,"column":12}}]},"6":{"line":92,"type":"if","locations":[{"start":{"line":92,"column":16},"end":{"line":92,"column":16}},{"start":{"line":92,"column":16},"end":{"line":92,"column":16}}]},"7":{"line":120,"type":"if","locations":[{"start":{"line":120,"column":12},"end":{"line":120,"column":12}},{"start":{"line":120,"column":12},"end":{"line":120,"column":12}}]},"8":{"line":121,"type":"if","locations":[{"start":{"line":121,"column":12},"end":{"line":121,"column":12}},{"start":{"line":121,"column":12},"end":{"line":121,"column":12}}]},"9":{"line":137,"type":"cond-expr","locations":[{"start":{"line":137,"column":35},"end":{"line":137,"column":44}},{"start":{"line":137,"column":47},"end":{"line":137,"column":62}}]},"10":{"line":166,"type":"if","locations":[{"start":{"line":166,"column":16},"end":{"line":166,"column":16}},{"start":{"line":166,"column":16},"end":{"line":166,"column":16}}]},"11":{"line":169,"type":"if","locations":[{"start":{"line":169,"column":16},"end":{"line":169,"column":16}},{"start":{"line":169,"column":16},"end":{"line":169,"column":16}}]},"12":{"line":199,"type":"if","locations":[{"start":{"line":199,"column":16},"end":{"line":199,"column":16}},{"start":{"line":199,"column":16},"end":{"line":199,"column":16}}]},"13":{"line":202,"type":"if","locations":[{"start":{"line":202,"column":16},"end":{"line":202,"column":16}},{"start":{"line":202,"column":16},"end":{"line":202,"column":16}}]},"14":{"line":229,"type":"if","locations":[{"start":{"line":229,"column":12},"end":{"line":229,"column":12}},{"start":{"line":229,"column":12},"end":{"line":229,"column":12}}]},"15":{"line":252,"type":"if","locations":[{"start":{"line":252,"column":12},"end":{"line":252,"column":12}},{"start":{"line":252,"column":12},"end":{"line":252,"column":12}}]},"16":{"line":270,"type":"if","locations":[{"start":{"line":270,"column":12},"end":{"line":270,"column":12}},{"start":{"line":270,"column":12},"end":{"line":270,"column":12}}]},"17":{"line":271,"type":"if","locations":[{"start":{"line":271,"column":12},"end":{"line":271,"column":12}},{"start":{"line":271,"column":12},"end":{"line":271,"column":12}}]},"18":{"line":281,"type":"binary-expr","locations":[{"start":{"line":281,"column":19},"end":{"line":281,"column":32}},{"start":{"line":281,"column":36},"end":{"line":281,"column":48}}]},"19":{"line":283,"type":"if","locations":[{"start":{"line":283,"column":16},"end":{"line":283,"column":16}},{"start":{"line":283,"column":16},"end":{"line":283,"column":16}}]},"20":{"line":289,"type":"if","locations":[{"start":{"line":289,"column":12},"end":{"line":289,"column":12}},{"start":{"line":289,"column":12},"end":{"line":289,"column":12}}]},"21":{"line":363,"type":"cond-expr","locations":[{"start":{"line":363,"column":35},"end":{"line":363,"column":39}},{"start":{"line":363,"column":42},"end":{"line":363,"column":46}}]},"22":{"line":383,"type":"if","locations":[{"start":{"line":383,"column":12},"end":{"line":383,"column":12}},{"start":{"line":383,"column":12},"end":{"line":383,"column":12}}]},"23":{"line":402,"type":"if","locations":[{"start":{"line":402,"column":12},"end":{"line":402,"column":12}},{"start":{"line":402,"column":12},"end":{"line":402,"column":12}}]},"24":{"line":405,"type":"if","locations":[{"start":{"line":405,"column":16},"end":{"line":405,"column":16}},{"start":{"line":405,"column":16},"end":{"line":405,"column":16}}]},"25":{"line":407,"type":"if","locations":[{"start":{"line":407,"column":16},"end":{"line":407,"column":16}},{"start":{"line":407,"column":16},"end":{"line":407,"column":16}}]},"26":{"line":417,"type":"if","locations":[{"start":{"line":417,"column":16},"end":{"line":417,"column":16}},{"start":{"line":417,"column":16},"end":{"line":417,"column":16}}]},"27":{"line":419,"type":"if","locations":[{"start":{"line":419,"column":16},"end":{"line":419,"column":16}},{"start":{"line":419,"column":16},"end":{"line":419,"column":16}}]},"28":{"line":448,"type":"if","locations":[{"start":{"line":448,"column":12},"end":{"line":448,"column":12}},{"start":{"line":448,"column":12},"end":{"line":448,"column":12}}]},"29":{"line":450,"type":"if","locations":[{"start":{"line":450,"column":16},"end":{"line":450,"column":16}},{"start":{"line":450,"column":16},"end":{"line":450,"column":16}}]},"30":{"line":455,"type":"if","locations":[{"start":{"line":455,"column":16},"end":{"line":455,"column":16}},{"start":{"line":455,"column":16},"end":{"line":455,"column":16}}]},"31":{"line":512,"type":"if","locations":[{"start":{"line":512,"column":8},"end":{"line":512,"column":8}},{"start":{"line":512,"column":8},"end":{"line":512,"column":8}}]},"32":{"line":514,"type":"if","locations":[{"start":{"line":514,"column":8},"end":{"line":514,"column":8}},{"start":{"line":514,"column":8},"end":{"line":514,"column":8}}]},"33":{"line":516,"type":"if","locations":[{"start":{"line":516,"column":8},"end":{"line":516,"column":8}},{"start":{"line":516,"column":8},"end":{"line":516,"column":8}}]},"34":{"line":518,"type":"if","locations":[{"start":{"line":518,"column":8},"end":{"line":518,"column":8}},{"start":{"line":518,"column":8},"end":{"line":518,"column":8}}]},"35":{"line":518,"type":"binary-expr","locations":[{"start":{"line":518,"column":12},"end":{"line":518,"column":29}},{"start":{"line":518,"column":33},"end":{"line":518,"column":45}}]},"36":{"line":588,"type":"if","locations":[{"start":{"line":588,"column":8},"end":{"line":588,"column":8}},{"start":{"line":588,"column":8},"end":{"line":588,"column":8}}]},"37":{"line":593,"type":"if","locations":[{"start":{"line":593,"column":8},"end":{"line":593,"column":8}},{"start":{"line":593,"column":8},"end":{"line":593,"column":8}}]},"38":{"line":599,"type":"if","locations":[{"start":{"line":599,"column":8},"end":{"line":599,"column":8}},{"start":{"line":599,"column":8},"end":{"line":599,"column":8}}]},"39":{"line":604,"type":"if","locations":[{"start":{"line":604,"column":8},"end":{"line":604,"column":8}},{"start":{"line":604,"column":8},"end":{"line":604,"column":8}}]},"40":{"line":627,"type":"if","locations":[{"start":{"line":627,"column":8},"end":{"line":627,"column":8}},{"start":{"line":627,"column":8},"end":{"line":627,"column":8}}]},"41":{"line":629,"type":"if","locations":[{"start":{"line":629,"column":8},"end":{"line":629,"column":8}},{"start":{"line":629,"column":8},"end":{"line":629,"column":8}}]},"42":{"line":701,"type":"binary-expr","locations":[{"start":{"line":701,"column":14},"end":{"line":701,"column":30}},{"start":{"line":701,"column":35},"end":{"line":701,"column":56}}]}}},"E:\\Git\\heron\\sandbox\\typescript\\json_grammar.js":{"path":"E:\\Git\\heron\\sandbox\\typescript\\json_grammar.js","s":{"1":1,"2":1,"3":1,"4":1,"5":1,"6":1,"7":1,"8":1,"9":1,"10":0,"11":1,"12":1,"13":1,"14":1,"15":1,"16":1,"17":1,"18":1,"19":1,"20":1,"21":1},"b":{"1":[1,0]},"f":{"1":1,"2":0},"fnMap":{"1":{"name":"JsonGrammar","line":4,"loc":{"start":{"line":4,"column":0},"end":{"line":5,"column":0}}},"2":{"name":"(anonymous_2)","line":17,"loc":{"start":{"line":17,"column":25},"end":{"line":17,"column":36}}}},"statementMap":{"1":{"start":{"line":4,"column":0},"end":{"line":31,"column":1}},"2":{"start":{"line":6,"column":4},"end":{"line":6,"column":20}},"3":{"start":{"line":9,"column":4},"end":{"line":9,"column":39}},"4":{"start":{"line":10,"column":4},"end":{"line":10,"column":64}},"5":{"start":{"line":11,"column":4},"end":{"line":11,"column":110}},"6":{"start":{"line":12,"column":4},"end":{"line":12,"column":29}},"7":{"start":{"line":13,"column":4},"end":{"line":13,"column":35}},"8":{"start":{"line":14,"column":4},"end":{"line":14,"column":30}},"9":{"start":{"line":17,"column":4},"end":{"line":17,"column":148}},"10":{"start":{"line":17,"column":38},"end":{"line":17,"column":127}},"11":{"start":{"line":20,"column":4},"end":{"line":20,"column":75}},"12":{"start":{"line":21,"column":4},"end":{"line":21,"column":50}},"13":{"start":{"line":22,"column":4},"end":{"line":22,"column":80}},"14":{"start":{"line":23,"column":4},"end":{"line":23,"column":122}},"15":{"start":{"line":24,"column":4},"end":{"line":24,"column":76}},"16":{"start":{"line":25,"column":4},"end":{"line":25,"column":68}},"17":{"start":{"line":26,"column":4},"end":{"line":26,"column":78}},"18":{"start":{"line":29,"column":4},"end":{"line":29,"column":30}},"19":{"start":{"line":30,"column":4},"end":{"line":30,"column":113}},"20":{"start":{"line":34,"column":0},"end":{"line":35,"column":38}},"21":{"start":{"line":35,"column":4},"end":{"line":35,"column":38}}},"branchMap":{"1":{"line":34,"type":"if","locations":[{"start":{"line":34,"column":0},"end":{"line":34,"column":0}},{"start":{"line":34,"column":0},"end":{"line":34,"column":0}}]}}}}