TN:
SF:E:\Git\heron\sandbox\typescript\tests.js
FN:20,testParse
FN:45,testRule
FN:48,(anonymous_3)
FN:52,(anonymous_4)
FN:61,simpleParserTests
FN:65,oddNumberOfXGrammar
FN:66,(anonymous_7)
FN:70,testRules
FNF:8
FNH:5
FNDA:231,testParse
FNDA:32,testRule
FNDA:88,(anonymous_3)
FNDA:143,(anonymous_4)
FNDA:0,simpleParserTests
FNDA:0,oddNumberOfXGrammar
FNDA:0,(anonymous_7)
FNDA:1,testRules
DA:15,1
DA:16,1
DA:20,1
DA:21,231
DA:23,231
DA:24,231
DA:25,231
DA:26,231
DA:29,231
DA:33,231
DA:45,1
DA:46,32
DA:47,32
DA:49,88
DA:51,32
DA:53,143
DA:55,32
DA:61,1
DA:62,0
DA:65,1
DA:66,0
DA:67,0
DA:70,1
DA:71,1
DA:72,1
DA:73,1
DA:74,1
DA:75,1
DA:76,1
DA:77,1
DA:79,1
DA:80,1
DA:81,1
DA:82,1
DA:83,1
DA:84,1
DA:85,1
DA:86,1
DA:88,1
DA:89,1
DA:91,1
DA:133,1
DA:134,1
LF:43
LH:40
BRDA:21,1,0,88
BRDA:21,1,1,143
BRDA:35,2,0,231
BRDA:35,2,1,0
BRDA:37,3,0,231
BRDA:37,3,1,0
BRDA:46,4,0,0
BRDA:46,4,1,32
BRF:8
BRH:5
end_of_record
TN:
SF:E:\Git\heron\sandbox\typescript\main.js
FN:4,(anonymous_1)
FN:6,__
FN:10,(anonymous_3)
FN:13,genId
FN:21,Initialize
FN:27,(anonymous_6)
FN:28,ParseIndex
FN:34,(anonymous_8)
FN:37,(anonymous_9)
FN:40,(anonymous_10)
FN:43,(anonymous_11)
FN:46,(anonymous_12)
FN:54,(anonymous_13)
FN:55,ParseNode
FN:65,(anonymous_15)
FN:67,Rule
FN:79,(anonymous_17)
FN:83,(anonymous_18)
FN:89,(anonymous_19)
FN:101,(anonymous_20)
FN:109,(anonymous_21)
FN:114,(anonymous_22)
FN:119,(anonymous_23)
FN:128,(anonymous_24)
FN:136,(anonymous_25)
FN:143,(anonymous_26)
FN:155,(anonymous_27)
FN:157,Sequence
FN:161,(anonymous_29)
FN:178,(anonymous_30)
FN:179,(anonymous_31)
FN:188,(anonymous_32)
FN:190,Choice
FN:194,(anonymous_34)
FN:211,(anonymous_35)
FN:212,(anonymous_36)
FN:221,(anonymous_37)
FN:223,Not
FN:227,(anonymous_39)
FN:234,(anonymous_40)
FN:244,(anonymous_41)
FN:246,And
FN:250,(anonymous_43)
FN:257,(anonymous_44)
FN:267,(anonymous_45)
FN:269,BoundedRule
FN:277,(anonymous_47)
FN:294,(anonymous_48)
FN:304,(anonymous_49)
FN:306,Optional
FN:311,(anonymous_51)
FN:321,(anonymous_52)
FN:323,Star
FN:328,(anonymous_54)
FN:338,(anonymous_55)
FN:340,Plus
FN:345,(anonymous_57)
FN:355,(anonymous_58)
FN:357,End
FN:361,(anonymous_60)
FN:366,(anonymous_61)
FN:376,(anonymous_62)
FN:378,Advance
FN:382,(anonymous_64)
FN:393,(anonymous_65)
FN:395,Re
FN:400,(anonymous_67)
FN:426,(anonymous_68)
FN:437,(anonymous_69)
FN:439,Text
FN:444,(anonymous_71)
FN:462,(anonymous_72)
FN:474,(anonymous_73)
FN:476,Action
FN:481,(anonymous_75)
FN:490,(anonymous_76)
FN:492,Delay
FN:497,(anonymous_78)
FN:501,(anonymous_79)
FN:511,RuleTypeToRule
FN:524,seq
FN:533,choice
FN:543,delay
FN:543,(anonymous_84)
FN:548,re
FN:550,text
FN:553,not
FN:556,star
FN:559,bounded
FN:561,repeat
FN:563,opt
FN:566,at
FN:569,plus
FN:572,delimitedList
FN:574,except
FN:576,repeatWhileNot
FN:578,repeatUntilPast
FN:580,anyCharExcept
FN:582,advanceWhileNot
FN:584,advanceUntilPast
FN:587,err
FN:589,(anonymous_102)
FN:592,log
FN:594,(anonymous_104)
FN:598,assert
FN:603,assertNot
FN:608,ifThenAssert
FN:610,guardedSeq
FN:618,assertAtEnd
FN:620,tokenize
FN:661,keyword
FN:665,parenthesized
FN:667,braced
FN:669,bracketed
FN:671,doubleQuoted
FN:673,singleQuoted
FN:675,tag
FN:678,commaDelimited
FN:680,semiColonDelimited
FN:682,dotDelimited
FN:684,tabDelimited
FN:687,grammarRules
FN:690,(anonymous_123)
FN:691,(anonymous_124)
FN:695,grammarToString
FN:697,(anonymous_126)
FNF:126
FNH:87
FNDA:14,(anonymous_1)
FNDA:14,__
FNDA:1,(anonymous_3)
FNDA:166,genId
FNDA:0,Initialize
FNDA:1,(anonymous_6)
FNDA:0,ParseIndex
FNDA:0,(anonymous_8)
FNDA:0,(anonymous_9)
FNDA:0,(anonymous_10)
FNDA:0,(anonymous_11)
FNDA:0,(anonymous_12)
FNDA:1,(anonymous_13)
FNDA:0,ParseNode
FNDA:1,(anonymous_15)
FNDA:166,Rule
FNDA:0,(anonymous_17)
FNDA:0,(anonymous_18)
FNDA:0,(anonymous_19)
FNDA:0,(anonymous_20)
FNDA:38,(anonymous_21)
FNDA:26,(anonymous_22)
FNDA:8,(anonymous_23)
FNDA:32,(anonymous_24)
FNDA:472,(anonymous_25)
FNDA:235,(anonymous_26)
FNDA:1,(anonymous_27)
FNDA:33,Sequence
FNDA:0,(anonymous_29)
FNDA:123,(anonymous_30)
FNDA:270,(anonymous_31)
FNDA:1,(anonymous_32)
FNDA:11,Choice
FNDA:0,(anonymous_34)
FNDA:20,(anonymous_35)
FNDA:42,(anonymous_36)
FNDA:1,(anonymous_37)
FNDA:12,Not
FNDA:0,(anonymous_39)
FNDA:53,(anonymous_40)
FNDA:1,(anonymous_41)
FNDA:1,And
FNDA:0,(anonymous_43)
FNDA:1,(anonymous_44)
FNDA:1,(anonymous_45)
FNDA:20,BoundedRule
FNDA:0,(anonymous_47)
FNDA:8,(anonymous_48)
FNDA:1,(anonymous_49)
FNDA:4,Optional
FNDA:39,(anonymous_51)
FNDA:1,(anonymous_52)
FNDA:10,Star
FNDA:37,(anonymous_54)
FNDA:1,(anonymous_55)
FNDA:3,Plus
FNDA:22,(anonymous_57)
FNDA:1,(anonymous_58)
FNDA:1,End
FNDA:0,(anonymous_60)
FNDA:5,(anonymous_61)
FNDA:1,(anonymous_62)
FNDA:1,Advance
FNDA:0,(anonymous_64)
FNDA:1,(anonymous_65)
FNDA:27,Re
FNDA:0,(anonymous_67)
FNDA:133,(anonymous_68)
FNDA:1,(anonymous_69)
FNDA:50,Text
FNDA:0,(anonymous_71)
FNDA:186,(anonymous_72)
FNDA:1,(anonymous_73)
FNDA:9,Action
FNDA:0,(anonymous_75)
FNDA:1,(anonymous_76)
FNDA:1,Delay
FNDA:0,(anonymous_78)
FNDA:0,(anonymous_79)
FNDA:130,RuleTypeToRule
FNDA:33,seq
FNDA:11,choice
FNDA:1,delay
FNDA:0,(anonymous_84)
FNDA:22,re
FNDA:3,text
FNDA:12,not
FNDA:10,star
FNDA:3,bounded
FNDA:2,repeat
FNDA:4,opt
FNDA:1,at
FNDA:3,plus
FNDA:3,delimitedList
FNDA:6,except
FNDA:2,repeatWhileNot
FNDA:1,repeatUntilPast
FNDA:3,anyCharExcept
FNDA:1,advanceWhileNot
FNDA:0,advanceUntilPast
FNDA:8,err
FNDA:0,(anonymous_102)
FNDA:1,log
FNDA:0,(anonymous_104)
FNDA:5,assert
FNDA:2,assertNot
FNDA:3,ifThenAssert
FNDA:3,guardedSeq
FNDA:1,assertAtEnd
FNDA:0,tokenize
FNDA:3,keyword
FNDA:0,parenthesized
FNDA:1,braced
FNDA:1,bracketed
FNDA:1,doubleQuoted
FNDA:0,singleQuoted
FNDA:0,tag
FNDA:1,commaDelimited
FNDA:1,semiColonDelimited
FNDA:0,dotDelimited
FNDA:0,tabDelimited
FNDA:0,grammarRules
FNDA:0,(anonymous_123)
FNDA:0,(anonymous_124)
FNDA:0,grammarToString
FNDA:0,(anonymous_126)
DA:4,1
DA:5,14
DA:6,14
DA:7,14
DA:9,1
DA:10,1
DA:12,1
DA:13,1
DA:14,166
DA:17,1
DA:19,1
DA:21,1
DA:22,0
DA:24,1
DA:27,1
DA:28,1
DA:29,0
DA:30,0
DA:31,0
DA:32,0
DA:34,1
DA:35,0
DA:37,1
DA:38,0
DA:40,1
DA:41,0
DA:43,1
DA:44,0
DA:46,1
DA:47,0
DA:49,1
DA:51,1
DA:54,1
DA:55,1
DA:56,0
DA:58,1
DA:60,1
DA:65,1
DA:67,1
DA:68,166
DA:70,166
DA:72,166
DA:74,166
DA:76,166
DA:79,1
DA:80,0
DA:83,1
DA:84,0
DA:89,1
DA:90,0
DA:91,0
DA:92,0
DA:93,0
DA:94,0
DA:97,0
DA:101,1
DA:102,0
DA:103,0
DA:104,0
DA:105,0
DA:106,0
DA:109,1
DA:110,38
DA:111,38
DA:114,1
DA:115,26
DA:116,26
DA:119,1
DA:120,8
DA:121,8
DA:122,8
DA:123,8
DA:124,8
DA:126,1
DA:129,32
DA:134,1
DA:137,472
DA:143,1
DA:144,235
DA:146,1
DA:148,1
DA:155,1
DA:156,1
DA:157,1
DA:158,33
DA:159,33
DA:161,1
DA:162,0
DA:163,0
DA:164,0
DA:165,0
DA:166,0
DA:167,0
DA:168,0
DA:169,0
DA:170,0
DA:171,0
DA:172,0
DA:174,0
DA:176,1
DA:179,270
DA:184,1
DA:186,1
DA:188,1
DA:189,1
DA:190,1
DA:191,11
DA:192,11
DA:194,1
DA:195,0
DA:196,0
DA:197,0
DA:198,0
DA:199,0
DA:200,0
DA:201,0
DA:202,0
DA:203,0
DA:204,0
DA:205,0
DA:207,0
DA:209,1
DA:212,42
DA:217,1
DA:219,1
DA:221,1
DA:222,1
DA:223,1
DA:224,12
DA:225,12
DA:227,1
DA:228,0
DA:229,0
DA:230,0
DA:231,0
DA:233,1
DA:235,53
DA:240,1
DA:242,1
DA:244,1
DA:245,1
DA:246,1
DA:247,1
DA:248,1
DA:250,1
DA:251,0
DA:252,0
DA:253,0
DA:254,0
DA:256,1
DA:258,1
DA:263,1
DA:265,1
DA:267,1
DA:268,1
DA:269,1
DA:270,20
DA:271,20
DA:272,20
DA:273,20
DA:274,20
DA:275,20
DA:277,1
DA:278,0
DA:279,0
DA:280,0
DA:281,0
DA:282,0
DA:283,0
DA:284,0
DA:285,0
DA:286,0
DA:287,0
DA:289,0
DA:290,0
DA:291,0
DA:293,1
DA:295,8
DA:300,1
DA:302,1
DA:304,1
DA:305,1
DA:306,1
DA:307,4
DA:308,4
DA:310,1
DA:312,39
DA:317,1
DA:319,1
DA:321,1
DA:322,1
DA:323,1
DA:324,10
DA:325,10
DA:327,1
DA:329,37
DA:334,1
DA:336,1
DA:338,1
DA:339,1
DA:340,1
DA:341,3
DA:342,3
DA:344,1
DA:346,22
DA:351,1
DA:353,1
DA:355,1
DA:356,1
DA:357,1
DA:358,1
DA:359,1
DA:361,1
DA:362,0
DA:363,0
DA:365,1
DA:367,5
DA:372,1
DA:374,1
DA:376,1
DA:377,1
DA:378,1
DA:379,1
DA:380,1
DA:382,1
DA:383,0
DA:384,0
DA:385,0
DA:386,0
DA:387,0
DA:389,1
DA:391,1
DA:393,1
DA:394,1
DA:395,1
DA:396,27
DA:397,27
DA:398,27
DA:400,1
DA:401,0
DA:402,0
DA:403,0
DA:404,0
DA:405,0
DA:406,0
DA:407,0
DA:408,0
DA:409,0
DA:410,0
DA:414,0
DA:415,0
DA:416,0
DA:417,0
DA:418,0
DA:419,0
DA:420,0
DA:421,0
DA:423,0
DA:425,1
DA:427,133
DA:432,1
DA:434,1
DA:437,1
DA:438,1
DA:439,1
DA:440,50
DA:441,50
DA:442,50
DA:444,1
DA:445,0
DA:446,0
DA:447,0
DA:448,0
DA:449,0
DA:450,0
DA:451,0
DA:452,0
DA:455,0
DA:456,0
DA:457,0
DA:459,0
DA:461,1
DA:463,186
DA:468,1
DA:470,1
DA:474,1
DA:475,1
DA:476,1
DA:477,9
DA:478,9
DA:479,9
DA:481,1
DA:482,0
DA:483,0
DA:485,1
DA:487,1
DA:490,1
DA:491,1
DA:492,1
DA:493,1
DA:494,1
DA:495,1
DA:497,1
DA:498,0
DA:500,1
DA:502,0
DA:507,1
DA:509,1
DA:511,1
DA:512,130
DA:513,78
DA:514,52
DA:515,5
DA:516,47
DA:517,47
DA:518,0
DA:519,0
DA:520,0
DA:522,1
DA:524,1
DA:525,33
DA:526,33
DA:527,69
DA:529,33
DA:531,1
DA:533,1
DA:534,11
DA:535,11
DA:536,28
DA:538,11
DA:540,1
DA:543,1
DA:544,1
DA:546,1
DA:547,1
DA:548,22
DA:549,1
DA:550,3
DA:551,1
DA:553,12
DA:554,1
DA:556,10
DA:557,1
DA:559,3
DA:560,1
DA:561,2
DA:562,1
DA:563,4
DA:564,1
DA:566,1
DA:567,1
DA:569,3
DA:570,1
DA:572,3
DA:573,1
DA:574,6
DA:575,1
DA:576,2
DA:577,1
DA:578,1
DA:579,1
DA:580,3
DA:581,1
DA:582,1
DA:583,1
DA:584,1
DA:585,1
DA:587,1
DA:588,8
DA:589,8
DA:591,1
DA:592,1
DA:593,1
DA:594,1
DA:596,1
DA:598,1
DA:599,5
DA:600,5
DA:602,1
DA:603,1
DA:604,2
DA:605,2
DA:607,1
DA:608,3
DA:609,1
DA:610,1
DA:611,3
DA:612,3
DA:613,6
DA:615,3
DA:617,1
DA:618,1
DA:619,1
DA:620,1
DA:621,0
DA:622,0
DA:623,0
DA:625,0
DA:626,0
DA:627,0
DA:628,0
DA:629,0
DA:630,0
DA:631,0
DA:633,1
DA:637,1
DA:638,1
DA:639,1
DA:640,1
DA:641,1
DA:642,1
DA:643,1
DA:644,1
DA:645,1
DA:646,1
DA:647,1
DA:648,1
DA:649,1
DA:650,1
DA:651,1
DA:652,1
DA:653,1
DA:654,1
DA:655,1
DA:656,1
DA:657,1
DA:658,1
DA:659,1
DA:660,1
DA:661,3
DA:662,1
DA:665,1
DA:666,1
DA:667,1
DA:668,1
DA:669,1
DA:670,1
DA:671,1
DA:672,1
DA:673,1
DA:674,1
DA:675,1
DA:676,1
DA:678,1
DA:679,1
DA:680,1
DA:681,1
DA:682,1
DA:683,1
DA:684,1
DA:685,1
DA:687,1
DA:688,0
DA:690,0
DA:691,0
DA:693,1
DA:695,1
DA:696,0
DA:697,0
DA:700,1
LF:460
LH:331
BRDA:4,1,0,1
BRDA:4,1,1,1
BRDA:4,1,2,1
BRDA:5,2,0,0
BRDA:5,2,1,0
BRDA:7,3,0,0
BRDA:7,3,1,14
BRDA:29,4,0,0
BRDA:29,4,1,0
BRDA:90,5,0,0
BRDA:90,5,1,0
BRDA:92,6,0,0
BRDA:92,6,1,0
BRDA:120,7,0,0
BRDA:120,7,1,8
BRDA:121,8,0,8
BRDA:121,8,1,0
BRDA:137,9,0,48
BRDA:137,9,1,424
BRDA:166,10,0,0
BRDA:166,10,1,0
BRDA:169,11,0,0
BRDA:169,11,1,0
BRDA:199,12,0,0
BRDA:199,12,1,0
BRDA:202,13,0,0
BRDA:202,13,1,0
BRDA:229,14,0,0
BRDA:229,14,1,0
BRDA:252,15,0,0
BRDA:252,15,1,0
BRDA:270,16,0,10
BRDA:270,16,1,10
BRDA:271,17,0,13
BRDA:271,17,1,7
BRDA:281,18,0,0
BRDA:281,18,1,0
BRDA:283,19,0,0
BRDA:283,19,1,0
BRDA:289,20,0,0
BRDA:289,20,1,0
BRDA:363,21,0,0
BRDA:363,21,1,0
BRDA:383,22,0,0
BRDA:383,22,1,0
BRDA:402,23,0,0
BRDA:402,23,1,0
BRDA:405,24,0,0
BRDA:405,24,1,0
BRDA:407,25,0,0
BRDA:407,25,1,0
BRDA:417,26,0,0
BRDA:417,26,1,0
BRDA:419,27,0,0
BRDA:419,27,1,0
BRDA:448,28,0,0
BRDA:448,28,1,0
BRDA:450,29,0,0
BRDA:450,29,1,0
BRDA:455,30,0,0
BRDA:455,30,1,0
BRDA:512,31,0,78
BRDA:512,31,1,52
BRDA:514,32,0,5
BRDA:514,32,1,47
BRDA:516,33,0,47
BRDA:516,33,1,0
BRDA:518,34,0,0
BRDA:518,34,1,0
BRDA:518,35,0,0
BRDA:518,35,1,0
BRDA:588,36,0,0
BRDA:588,36,1,8
BRDA:593,37,0,0
BRDA:593,37,1,1
BRDA:599,38,0,5
BRDA:599,38,1,0
BRDA:604,39,0,2
BRDA:604,39,1,0
BRDA:627,40,0,0
BRDA:627,40,1,0
BRDA:629,41,0,0
BRDA:629,41,1,0
BRDA:701,42,0,1
BRDA:701,42,1,1
BRF:85
BRH:23
end_of_record
TN:
SF:E:\Git\heron\sandbox\typescript\json_grammar.js
FN:4,JsonGrammar
FN:17,(anonymous_2)
FNF:2
FNH:1
FNDA:1,JsonGrammar
FNDA:0,(anonymous_2)
DA:4,1
DA:6,1
DA:9,1
DA:10,1
DA:11,1
DA:12,1
DA:13,1
DA:14,1
DA:17,1
DA:20,1
DA:21,1
DA:22,1
DA:23,1
DA:24,1
DA:25,1
DA:26,1
DA:29,1
DA:30,1
DA:34,1
DA:35,1
LF:20
LH:20
BRDA:34,1,0,1
BRDA:34,1,1,0
BRF:2
BRH:1
end_of_record
